*** Installation started 2015/07/07 18:50 ***
Source: C:\Users\pat\AppData\Local\Temp\numpy-1.9.2-sse3.exe
999 Root Key: HKEY_LOCAL_MACHINE
020 Reg DB Key: [Software\Microsoft\Windows\CurrentVersion\Uninstall]numpy-py2.7
040 Reg DB Value: [Software\Microsoft\Windows\CurrentVersion\Uninstall\numpy-py2.7]DisplayName=Python 2.7 numpy-1.9.2
040 Reg DB Value: [Software\Microsoft\Windows\CurrentVersion\Uninstall\numpy-py2.7]UninstallString="C:\Python27\Removenumpy.exe" -u "C:\Python27\numpy-wininst.log"
200 File Copy: C:\Python27\Lib\site-packages\numpy-1.9.2-py2.7.egg-info
100 Made Dir: C:\Python27\Lib\site-packages\numpy
200 File Copy: C:\Python27\Lib\site-packages\numpy\add_newdocs.py
200 File Copy: C:\Python27\Lib\site-packages\numpy\_import_tools.py
200 File Copy: C:\Python27\Lib\site-packages\numpy\matlib.py
200 File Copy: C:\Python27\Lib\site-packages\numpy\ctypeslib.py
200 File Copy: C:\Python27\Lib\site-packages\numpy\dual.py
200 File Copy: C:\Python27\Lib\site-packages\numpy\setup.py
200 File Copy: C:\Python27\Lib\site-packages\numpy\__init__.py
200 File Copy: C:\Python27\Lib\site-packages\numpy\__config__.py
200 File Copy: C:\Python27\Lib\site-packages\numpy\version.py
100 Made Dir: C:\Python27\Lib\site-packages\numpy\doc
200 File Copy: C:\Python27\Lib\site-packages\numpy\doc\indexing.py
200 File Copy: C:\Python27\Lib\site-packages\numpy\doc\basics.py
200 File Copy: C:\Python27\Lib\site-packages\numpy\doc\glossary.py
200 File Copy: C:\Python27\Lib\site-packages\numpy\doc\subclassing.py
200 File Copy: C:\Python27\Lib\site-packages\numpy\doc\constants.py
200 File Copy: C:\Python27\Lib\site-packages\numpy\doc\creation.py
200 File Copy: C:\Python27\Lib\site-packages\numpy\doc\internals.py
200 File Copy: C:\Python27\Lib\site-packages\numpy\doc\methods_vs_functions.py
200 File Copy: C:\Python27\Lib\site-packages\numpy\doc\byteswapping.py
200 File Copy: C:\Python27\Lib\site-packages\numpy\doc\structured_arrays.py
200 File Copy: C:\Python27\Lib\site-packages\numpy\doc\ufuncs.py
200 File Copy: C:\Python27\Lib\site-packages\numpy\doc\jargon.py
200 File Copy: C:\Python27\Lib\site-packages\numpy\doc\__init__.py
200 File Copy: C:\Python27\Lib\site-packages\numpy\doc\io.py
200 File Copy: C:\Python27\Lib\site-packages\numpy\doc\misc.py
200 File Copy: C:\Python27\Lib\site-packages\numpy\doc\performance.py
200 File Copy: C:\Python27\Lib\site-packages\numpy\doc\broadcasting.py
200 File Copy: C:\Python27\Lib\site-packages\numpy\doc\howtofind.py
100 Made Dir: C:\Python27\Lib\site-packages\numpy\testing
200 File Copy: C:\Python27\Lib\site-packages\numpy\testing\print_coercion_tables.py
200 File Copy: C:\Python27\Lib\site-packages\numpy\testing\utils.py
200 File Copy: C:\Python27\Lib\site-packages\numpy\testing\setup.py
200 File Copy: C:\Python27\Lib\site-packages\numpy\testing\__init__.py
200 File Copy: C:\Python27\Lib\site-packages\numpy\testing\noseclasses.py
200 File Copy: C:\Python27\Lib\site-packages\numpy\testing\nosetester.py
200 File Copy: C:\Python27\Lib\site-packages\numpy\testing\decorators.py
100 Made Dir: C:\Python27\Lib\site-packages\numpy\testing\tests
200 File Copy: C:\Python27\Lib\site-packages\numpy\testing\tests\test_decorators.py
200 File Copy: C:\Python27\Lib\site-packages\numpy\testing\tests\test_doctesting.py
200 File Copy: C:\Python27\Lib\site-packages\numpy\testing\tests\test_utils.py
100 Made Dir: C:\Python27\Lib\site-packages\numpy\distutils
200 File Copy: C:\Python27\Lib\site-packages\numpy\distutils\misc_util.py
200 File Copy: C:\Python27\Lib\site-packages\numpy\distutils\extension.py
200 File Copy: C:\Python27\Lib\site-packages\numpy\distutils\conv_template.py
200 File Copy: C:\Python27\Lib\site-packages\numpy\distutils\from_template.py
200 File Copy: C:\Python27\Lib\site-packages\numpy\distutils\compat.py
200 File Copy: C:\Python27\Lib\site-packages\numpy\distutils\numpy_distribution.py
200 File Copy: C:\Python27\Lib\site-packages\numpy\distutils\npy_pkg_config.py
200 File Copy: C:\Python27\Lib\site-packages\numpy\distutils\log.py
200 File Copy: C:\Python27\Lib\site-packages\numpy\distutils\unixccompiler.py
200 File Copy: C:\Python27\Lib\site-packages\numpy\distutils\__version__.py
200 File Copy: C:\Python27\Lib\site-packages\numpy\distutils\exec_command.py
200 File Copy: C:\Python27\Lib\site-packages\numpy\distutils\info.py
200 File Copy: C:\Python27\Lib\site-packages\numpy\distutils\pathccompiler.py
200 File Copy: C:\Python27\Lib\site-packages\numpy\distutils\intelccompiler.py
200 File Copy: C:\Python27\Lib\site-packages\numpy\distutils\setup.py
200 File Copy: C:\Python27\Lib\site-packages\numpy\distutils\ccompiler.py
200 File Copy: C:\Python27\Lib\site-packages\numpy\distutils\mingw32ccompiler.py
200 File Copy: C:\Python27\Lib\site-packages\numpy\distutils\cpuinfo.py
200 File Copy: C:\Python27\Lib\site-packages\numpy\distutils\environment.py
200 File Copy: C:\Python27\Lib\site-packages\numpy\distutils\line_endings.py
200 File Copy: C:\Python27\Lib\site-packages\numpy\distutils\__init__.py
200 File Copy: C:\Python27\Lib\site-packages\numpy\distutils\__config__.py
200 File Copy: C:\Python27\Lib\site-packages\numpy\distutils\lib2def.py
200 File Copy: C:\Python27\Lib\site-packages\numpy\distutils\core.py
200 File Copy: C:\Python27\Lib\site-packages\numpy\distutils\system_info.py
100 Made Dir: C:\Python27\Lib\site-packages\numpy\distutils\fcompiler
200 File Copy: C:\Python27\Lib\site-packages\numpy\distutils\fcompiler\compaq.py
200 File Copy: C:\Python27\Lib\site-packages\numpy\distutils\fcompiler\intel.py
200 File Copy: C:\Python27\Lib\site-packages\numpy\distutils\fcompiler\gnu.py
200 File Copy: C:\Python27\Lib\site-packages\numpy\distutils\fcompiler\vast.py
200 File Copy: C:\Python27\Lib\site-packages\numpy\distutils\fcompiler\pg.py
200 File Copy: C:\Python27\Lib\site-packages\numpy\distutils\fcompiler\none.py
200 File Copy: C:\Python27\Lib\site-packages\numpy\distutils\fcompiler\absoft.py
200 File Copy: C:\Python27\Lib\site-packages\numpy\distutils\fcompiler\sun.py
200 File Copy: C:\Python27\Lib\site-packages\numpy\distutils\fcompiler\hpux.py
200 File Copy: C:\Python27\Lib\site-packages\numpy\distutils\fcompiler\mips.py
200 File Copy: C:\Python27\Lib\site-packages\numpy\distutils\fcompiler\__init__.py
200 File Copy: C:\Python27\Lib\site-packages\numpy\distutils\fcompiler\nag.py
200 File Copy: C:\Python27\Lib\site-packages\numpy\distutils\fcompiler\g95.py
200 File Copy: C:\Python27\Lib\site-packages\numpy\distutils\fcompiler\pathf95.py
200 File Copy: C:\Python27\Lib\site-packages\numpy\distutils\fcompiler\lahey.py
200 File Copy: C:\Python27\Lib\site-packages\numpy\distutils\fcompiler\ibm.py
100 Made Dir: C:\Python27\Lib\site-packages\numpy\distutils\command
200 File Copy: C:\Python27\Lib\site-packages\numpy\distutils\command\egg_info.py
200 File Copy: C:\Python27\Lib\site-packages\numpy\distutils\command\config.py
200 File Copy: C:\Python27\Lib\site-packages\numpy\distutils\command\build_clib.py
200 File Copy: C:\Python27\Lib\site-packages\numpy\distutils\command\install.py
200 File Copy: C:\Python27\Lib\site-packages\numpy\distutils\command\install_headers.py
200 File Copy: C:\Python27\Lib\site-packages\numpy\distutils\command\install_clib.py
200 File Copy: C:\Python27\Lib\site-packages\numpy\distutils\command\build_py.py
200 File Copy: C:\Python27\Lib\site-packages\numpy\distutils\command\build.py
200 File Copy: C:\Python27\Lib\site-packages\numpy\distutils\command\__init__.py
200 File Copy: C:\Python27\Lib\site-packages\numpy\distutils\command\build_scripts.py
200 File Copy: C:\Python27\Lib\site-packages\numpy\distutils\command\autodist.py
200 File Copy: C:\Python27\Lib\site-packages\numpy\distutils\command\sdist.py
200 File Copy: C:\Python27\Lib\site-packages\numpy\distutils\command\config_compiler.py
200 File Copy: C:\Python27\Lib\site-packages\numpy\distutils\command\bdist_rpm.py
200 File Copy: C:\Python27\Lib\site-packages\numpy\distutils\command\build_src.py
200 File Copy: C:\Python27\Lib\site-packages\numpy\distutils\command\install_data.py
200 File Copy: C:\Python27\Lib\site-packages\numpy\distutils\command\build_ext.py
200 File Copy: C:\Python27\Lib\site-packages\numpy\distutils\command\develop.py
100 Made Dir: C:\Python27\Lib\site-packages\numpy\distutils\tests
200 File Copy: C:\Python27\Lib\site-packages\numpy\distutils\tests\test_misc_util.py
200 File Copy: C:\Python27\Lib\site-packages\numpy\distutils\tests\test_fcompiler_intel.py
200 File Copy: C:\Python27\Lib\site-packages\numpy\distutils\tests\test_exec_command.py
200 File Copy: C:\Python27\Lib\site-packages\numpy\distutils\tests\setup.py
200 File Copy: C:\Python27\Lib\site-packages\numpy\distutils\tests\test_fcompiler_gnu.py
200 File Copy: C:\Python27\Lib\site-packages\numpy\distutils\tests\test_npy_pkg_config.py
100 Made Dir: C:\Python27\Lib\site-packages\numpy\distutils\tests\swig_ext
200 File Copy: C:\Python27\Lib\site-packages\numpy\distutils\tests\swig_ext\setup.py
200 File Copy: C:\Python27\Lib\site-packages\numpy\distutils\tests\swig_ext\__init__.py
100 Made Dir: C:\Python27\Lib\site-packages\numpy\distutils\tests\swig_ext\tests
200 File Copy: C:\Python27\Lib\site-packages\numpy\distutils\tests\swig_ext\tests\test_example2.py
200 File Copy: C:\Python27\Lib\site-packages\numpy\distutils\tests\swig_ext\tests\test_example.py
100 Made Dir: C:\Python27\Lib\site-packages\numpy\distutils\tests\swig_ext\src
200 File Copy: C:\Python27\Lib\site-packages\numpy\distutils\tests\swig_ext\src\zoo.h
200 File Copy: C:\Python27\Lib\site-packages\numpy\distutils\tests\swig_ext\src\example.i
200 File Copy: C:\Python27\Lib\site-packages\numpy\distutils\tests\swig_ext\src\example.c
200 File Copy: C:\Python27\Lib\site-packages\numpy\distutils\tests\swig_ext\src\zoo.cc
200 File Copy: C:\Python27\Lib\site-packages\numpy\distutils\tests\swig_ext\src\zoo.i
100 Made Dir: C:\Python27\Lib\site-packages\numpy\distutils\tests\pyrex_ext
200 File Copy: C:\Python27\Lib\site-packages\numpy\distutils\tests\pyrex_ext\setup.py
200 File Copy: C:\Python27\Lib\site-packages\numpy\distutils\tests\pyrex_ext\__init__.py
200 File Copy: C:\Python27\Lib\site-packages\numpy\distutils\tests\pyrex_ext\primes.pyx
100 Made Dir: C:\Python27\Lib\site-packages\numpy\distutils\tests\pyrex_ext\tests
200 File Copy: C:\Python27\Lib\site-packages\numpy\distutils\tests\pyrex_ext\tests\test_primes.py
100 Made Dir: C:\Python27\Lib\site-packages\numpy\distutils\tests\gen_ext
200 File Copy: C:\Python27\Lib\site-packages\numpy\distutils\tests\gen_ext\__init__.py
200 File Copy: C:\Python27\Lib\site-packages\numpy\distutils\tests\gen_ext\setup.py
100 Made Dir: C:\Python27\Lib\site-packages\numpy\distutils\tests\gen_ext\tests
200 File Copy: C:\Python27\Lib\site-packages\numpy\distutils\tests\gen_ext\tests\test_fib3.py
100 Made Dir: C:\Python27\Lib\site-packages\numpy\distutils\tests\f2py_ext
200 File Copy: C:\Python27\Lib\site-packages\numpy\distutils\tests\f2py_ext\setup.py
200 File Copy: C:\Python27\Lib\site-packages\numpy\distutils\tests\f2py_ext\__init__.py
100 Made Dir: C:\Python27\Lib\site-packages\numpy\distutils\tests\f2py_ext\tests
200 File Copy: C:\Python27\Lib\site-packages\numpy\distutils\tests\f2py_ext\tests\test_fib2.py
100 Made Dir: C:\Python27\Lib\site-packages\numpy\distutils\tests\f2py_ext\src
200 File Copy: C:\Python27\Lib\site-packages\numpy\distutils\tests\f2py_ext\src\fib1.f
200 File Copy: C:\Python27\Lib\site-packages\numpy\distutils\tests\f2py_ext\src\fib2.pyf
100 Made Dir: C:\Python27\Lib\site-packages\numpy\distutils\tests\f2py_f90_ext
200 File Copy: C:\Python27\Lib\site-packages\numpy\distutils\tests\f2py_f90_ext\setup.py
200 File Copy: C:\Python27\Lib\site-packages\numpy\distutils\tests\f2py_f90_ext\__init__.py
100 Made Dir: C:\Python27\Lib\site-packages\numpy\distutils\tests\f2py_f90_ext\include
200 File Copy: C:\Python27\Lib\site-packages\numpy\distutils\tests\f2py_f90_ext\include\body.f90
100 Made Dir: C:\Python27\Lib\site-packages\numpy\distutils\tests\f2py_f90_ext\tests
200 File Copy: C:\Python27\Lib\site-packages\numpy\distutils\tests\f2py_f90_ext\tests\test_foo.py
100 Made Dir: C:\Python27\Lib\site-packages\numpy\distutils\tests\f2py_f90_ext\src
200 File Copy: C:\Python27\Lib\site-packages\numpy\distutils\tests\f2py_f90_ext\src\foo_free.f90
100 Made Dir: C:\Python27\Lib\site-packages\numpy\distutils\mingw
200 File Copy: C:\Python27\Lib\site-packages\numpy\distutils\mingw\gfortran_vs2003_hack.c
100 Made Dir: C:\Python27\Lib\site-packages\numpy\f2py
200 File Copy: C:\Python27\Lib\site-packages\numpy\f2py\common_rules.py
200 File Copy: C:\Python27\Lib\site-packages\numpy\f2py\auxfuncs.py
200 File Copy: C:\Python27\Lib\site-packages\numpy\f2py\f2py_testing.py
200 File Copy: C:\Python27\Lib\site-packages\numpy\f2py\func2subr.py
200 File Copy: C:\Python27\Lib\site-packages\numpy\f2py\__version__.py
200 File Copy: C:\Python27\Lib\site-packages\numpy\f2py\info.py
200 File Copy: C:\Python27\Lib\site-packages\numpy\f2py\cb_rules.py
200 File Copy: C:\Python27\Lib\site-packages\numpy\f2py\setup.py
200 File Copy: C:\Python27\Lib\site-packages\numpy\f2py\capi_maps.py
200 File Copy: C:\Python27\Lib\site-packages\numpy\f2py\__init__.py
200 File Copy: C:\Python27\Lib\site-packages\numpy\f2py\f90mod_rules.py
200 File Copy: C:\Python27\Lib\site-packages\numpy\f2py\f2py2e.py
200 File Copy: C:\Python27\Lib\site-packages\numpy\f2py\crackfortran.py
200 File Copy: C:\Python27\Lib\site-packages\numpy\f2py\cfuncs.py
200 File Copy: C:\Python27\Lib\site-packages\numpy\f2py\diagnose.py
200 File Copy: C:\Python27\Lib\site-packages\numpy\f2py\rules.py
200 File Copy: C:\Python27\Lib\site-packages\numpy\f2py\use_rules.py
100 Made Dir: C:\Python27\Lib\site-packages\numpy\f2py\src
200 File Copy: C:\Python27\Lib\site-packages\numpy\f2py\src\fortranobject.h
200 File Copy: C:\Python27\Lib\site-packages\numpy\f2py\src\fortranobject.c
100 Made Dir: C:\Python27\Lib\site-packages\numpy\f2py\tests
200 File Copy: C:\Python27\Lib\site-packages\numpy\f2py\tests\test_return_integer.py
200 File Copy: C:\Python27\Lib\site-packages\numpy\f2py\tests\util.py
200 File Copy: C:\Python27\Lib\site-packages\numpy\f2py\tests\test_assumed_shape.py
200 File Copy: C:\Python27\Lib\site-packages\numpy\f2py\tests\test_return_character.py
200 File Copy: C:\Python27\Lib\site-packages\numpy\f2py\tests\test_regression.py
200 File Copy: C:\Python27\Lib\site-packages\numpy\f2py\tests\test_callback.py
200 File Copy: C:\Python27\Lib\site-packages\numpy\f2py\tests\test_array_from_pyobj.py
200 File Copy: C:\Python27\Lib\site-packages\numpy\f2py\tests\test_return_real.py
200 File Copy: C:\Python27\Lib\site-packages\numpy\f2py\tests\test_return_complex.py
200 File Copy: C:\Python27\Lib\site-packages\numpy\f2py\tests\test_mixed.py
200 File Copy: C:\Python27\Lib\site-packages\numpy\f2py\tests\test_return_logical.py
200 File Copy: C:\Python27\Lib\site-packages\numpy\f2py\tests\test_kind.py
200 File Copy: C:\Python27\Lib\site-packages\numpy\f2py\tests\test_size.py
100 Made Dir: C:\Python27\Lib\site-packages\numpy\f2py\tests\src
100 Made Dir: C:\Python27\Lib\site-packages\numpy\f2py\tests\src\array_from_pyobj
200 File Copy: C:\Python27\Lib\site-packages\numpy\f2py\tests\src\array_from_pyobj\wrapmodule.c
100 Made Dir: C:\Python27\Lib\site-packages\numpy\f2py\tests\src\kind
200 File Copy: C:\Python27\Lib\site-packages\numpy\f2py\tests\src\kind\foo.f90
100 Made Dir: C:\Python27\Lib\site-packages\numpy\f2py\tests\src\size
200 File Copy: C:\Python27\Lib\site-packages\numpy\f2py\tests\src\size\foo.f90
100 Made Dir: C:\Python27\Lib\site-packages\numpy\f2py\tests\src\assumed_shape
200 File Copy: C:\Python27\Lib\site-packages\numpy\f2py\tests\src\assumed_shape\foo_free.f90
200 File Copy: C:\Python27\Lib\site-packages\numpy\f2py\tests\src\assumed_shape\foo_use.f90
200 File Copy: C:\Python27\Lib\site-packages\numpy\f2py\tests\src\assumed_shape\precision.f90
200 File Copy: C:\Python27\Lib\site-packages\numpy\f2py\tests\src\assumed_shape\foo_mod.f90
200 File Copy: C:\Python27\Lib\site-packages\numpy\f2py\tests\src\assumed_shape\.f2py_f2cmap
100 Made Dir: C:\Python27\Lib\site-packages\numpy\f2py\tests\src\regression
200 File Copy: C:\Python27\Lib\site-packages\numpy\f2py\tests\src\regression\inout.f90
100 Made Dir: C:\Python27\Lib\site-packages\numpy\f2py\tests\src\mixed
200 File Copy: C:\Python27\Lib\site-packages\numpy\f2py\tests\src\mixed\foo.f
200 File Copy: C:\Python27\Lib\site-packages\numpy\f2py\tests\src\mixed\foo_fixed.f90
200 File Copy: C:\Python27\Lib\site-packages\numpy\f2py\tests\src\mixed\foo_free.f90
100 Made Dir: C:\Python27\Lib\site-packages\numpy\ma
200 File Copy: C:\Python27\Lib\site-packages\numpy\ma\extras.py
200 File Copy: C:\Python27\Lib\site-packages\numpy\ma\setup.py
200 File Copy: C:\Python27\Lib\site-packages\numpy\ma\bench.py
200 File Copy: C:\Python27\Lib\site-packages\numpy\ma\testutils.py
200 File Copy: C:\Python27\Lib\site-packages\numpy\ma\__init__.py
200 File Copy: C:\Python27\Lib\site-packages\numpy\ma\core.py
200 File Copy: C:\Python27\Lib\site-packages\numpy\ma\mrecords.py
200 File Copy: C:\Python27\Lib\site-packages\numpy\ma\timer_comparison.py
200 File Copy: C:\Python27\Lib\site-packages\numpy\ma\version.py
100 Made Dir: C:\Python27\Lib\site-packages\numpy\ma\tests
200 File Copy: C:\Python27\Lib\site-packages\numpy\ma\tests\test_core.py
200 File Copy: C:\Python27\Lib\site-packages\numpy\ma\tests\test_regression.py
200 File Copy: C:\Python27\Lib\site-packages\numpy\ma\tests\test_extras.py
200 File Copy: C:\Python27\Lib\site-packages\numpy\ma\tests\test_old_ma.py
200 File Copy: C:\Python27\Lib\site-packages\numpy\ma\tests\test_subclassing.py
200 File Copy: C:\Python27\Lib\site-packages\numpy\ma\tests\test_mrecords.py
100 Made Dir: C:\Python27\Lib\site-packages\numpy\random
200 File Copy: C:\Python27\Lib\site-packages\numpy\random\info.py
200 File Copy: C:\Python27\Lib\site-packages\numpy\random\setup.py
200 File Copy: C:\Python27\Lib\site-packages\numpy\random\randomkit.h
200 File Copy: C:\Python27\Lib\site-packages\numpy\random\__init__.py
200 File Copy: C:\Python27\Lib\site-packages\numpy\random\mtrand.pyd
100 Made Dir: C:\Python27\Lib\site-packages\numpy\random\tests
200 File Copy: C:\Python27\Lib\site-packages\numpy\random\tests\test_random.py
200 File Copy: C:\Python27\Lib\site-packages\numpy\random\tests\test_regression.py
100 Made Dir: C:\Python27\Lib\site-packages\numpy\linalg
200 File Copy: C:\Python27\Lib\site-packages\numpy\linalg\_umath_linalg.pyd
200 File Copy: C:\Python27\Lib\site-packages\numpy\linalg\setup.py
200 File Copy: C:\Python27\Lib\site-packages\numpy\linalg\lapack_lite.pyd
200 File Copy: C:\Python27\Lib\site-packages\numpy\linalg\__init__.py
200 File Copy: C:\Python27\Lib\site-packages\numpy\linalg\linalg.py
200 File Copy: C:\Python27\Lib\site-packages\numpy\linalg\info.py
100 Made Dir: C:\Python27\Lib\site-packages\numpy\linalg\tests
200 File Copy: C:\Python27\Lib\site-packages\numpy\linalg\tests\test_build.py
200 File Copy: C:\Python27\Lib\site-packages\numpy\linalg\tests\test_regression.py
200 File Copy: C:\Python27\Lib\site-packages\numpy\linalg\tests\test_deprecations.py
200 File Copy: C:\Python27\Lib\site-packages\numpy\linalg\tests\test_linalg.py
100 Made Dir: C:\Python27\Lib\site-packages\numpy\tests
200 File Copy: C:\Python27\Lib\site-packages\numpy\tests\test_matlib.py
200 File Copy: C:\Python27\Lib\site-packages\numpy\tests\test_ctypeslib.py
100 Made Dir: C:\Python27\Lib\site-packages\numpy\fft
200 File Copy: C:\Python27\Lib\site-packages\numpy\fft\helper.py
200 File Copy: C:\Python27\Lib\site-packages\numpy\fft\info.py
200 File Copy: C:\Python27\Lib\site-packages\numpy\fft\setup.py
200 File Copy: C:\Python27\Lib\site-packages\numpy\fft\fftpack_lite.pyd
200 File Copy: C:\Python27\Lib\site-packages\numpy\fft\__init__.py
200 File Copy: C:\Python27\Lib\site-packages\numpy\fft\fftpack.py
100 Made Dir: C:\Python27\Lib\site-packages\numpy\fft\tests
200 File Copy: C:\Python27\Lib\site-packages\numpy\fft\tests\test_fftpack.py
200 File Copy: C:\Python27\Lib\site-packages\numpy\fft\tests\test_helper.py
100 Made Dir: C:\Python27\Lib\site-packages\numpy\lib
200 File Copy: C:\Python27\Lib\site-packages\numpy\lib\financial.py
200 File Copy: C:\Python27\Lib\site-packages\numpy\lib\format.py
200 File Copy: C:\Python27\Lib\site-packages\numpy\lib\function_base.py
200 File Copy: C:\Python27\Lib\site-packages\numpy\lib\polynomial.py
200 File Copy: C:\Python27\Lib\site-packages\numpy\lib\arrayterator.py
200 File Copy: C:\Python27\Lib\site-packages\numpy\lib\twodim_base.py
200 File Copy: C:\Python27\Lib\site-packages\numpy\lib\scimath.py
200 File Copy: C:\Python27\Lib\site-packages\numpy\lib\arraysetops.py
200 File Copy: C:\Python27\Lib\site-packages\numpy\lib\_compiled_base.pyd
200 File Copy: C:\Python27\Lib\site-packages\numpy\lib\recfunctions.py
200 File Copy: C:\Python27\Lib\site-packages\numpy\lib\type_check.py
200 File Copy: C:\Python27\Lib\site-packages\numpy\lib\_iotools.py
200 File Copy: C:\Python27\Lib\site-packages\numpy\lib\utils.py
200 File Copy: C:\Python27\Lib\site-packages\numpy\lib\info.py
200 File Copy: C:\Python27\Lib\site-packages\numpy\lib\_version.py
200 File Copy: C:\Python27\Lib\site-packages\numpy\lib\index_tricks.py
200 File Copy: C:\Python27\Lib\site-packages\numpy\lib\setup.py
200 File Copy: C:\Python27\Lib\site-packages\numpy\lib\user_array.py
200 File Copy: C:\Python27\Lib\site-packages\numpy\lib\ufunclike.py
200 File Copy: C:\Python27\Lib\site-packages\numpy\lib\__init__.py
200 File Copy: C:\Python27\Lib\site-packages\numpy\lib\arraypad.py
200 File Copy: C:\Python27\Lib\site-packages\numpy\lib\nanfunctions.py
200 File Copy: C:\Python27\Lib\site-packages\numpy\lib\_datasource.py
200 File Copy: C:\Python27\Lib\site-packages\numpy\lib\npyio.py
200 File Copy: C:\Python27\Lib\site-packages\numpy\lib\stride_tricks.py
200 File Copy: C:\Python27\Lib\site-packages\numpy\lib\shape_base.py
100 Made Dir: C:\Python27\Lib\site-packages\numpy\lib\tests
200 File Copy: C:\Python27\Lib\site-packages\numpy\lib\tests\test_arraypad.py
200 File Copy: C:\Python27\Lib\site-packages\numpy\lib\tests\test_twodim_base.py
200 File Copy: C:\Python27\Lib\site-packages\numpy\lib\tests\test_arrayterator.py
200 File Copy: C:\Python27\Lib\site-packages\numpy\lib\tests\test_format.py
200 File Copy: C:\Python27\Lib\site-packages\numpy\lib\tests\test_ufunclike.py
200 File Copy: C:\Python27\Lib\site-packages\numpy\lib\tests\test__iotools.py
200 File Copy: C:\Python27\Lib\site-packages\numpy\lib\tests\test_polynomial.py
200 File Copy: C:\Python27\Lib\site-packages\numpy\lib\tests\test_recfunctions.py
200 File Copy: C:\Python27\Lib\site-packages\numpy\lib\tests\test_financial.py
200 File Copy: C:\Python27\Lib\site-packages\numpy\lib\tests\test__version.py
200 File Copy: C:\Python27\Lib\site-packages\numpy\lib\tests\test_function_base.py
200 File Copy: C:\Python27\Lib\site-packages\numpy\lib\tests\test_regression.py
200 File Copy: C:\Python27\Lib\site-packages\numpy\lib\tests\test_type_check.py
200 File Copy: C:\Python27\Lib\site-packages\numpy\lib\tests\test_index_tricks.py
200 File Copy: C:\Python27\Lib\site-packages\numpy\lib\tests\test_shape_base.py
200 File Copy: C:\Python27\Lib\site-packages\numpy\lib\tests\test_arraysetops.py
200 File Copy: C:\Python27\Lib\site-packages\numpy\lib\tests\test_stride_tricks.py
200 File Copy: C:\Python27\Lib\site-packages\numpy\lib\tests\test__datasource.py
200 File Copy: C:\Python27\Lib\site-packages\numpy\lib\tests\test_nanfunctions.py
200 File Copy: C:\Python27\Lib\site-packages\numpy\lib\tests\test_io.py
200 File Copy: C:\Python27\Lib\site-packages\numpy\lib\tests\test_utils.py
100 Made Dir: C:\Python27\Lib\site-packages\numpy\lib\tests\data
200 File Copy: C:\Python27\Lib\site-packages\numpy\lib\tests\data\win64python2.npy
200 File Copy: C:\Python27\Lib\site-packages\numpy\lib\tests\data\python3.npy
100 Made Dir: C:\Python27\Lib\site-packages\numpy\core
200 File Copy: C:\Python27\Lib\site-packages\numpy\core\function_base.py
200 File Copy: C:\Python27\Lib\site-packages\numpy\core\getlimits.py
200 File Copy: C:\Python27\Lib\site-packages\numpy\core\arrayprint.py
200 File Copy: C:\Python27\Lib\site-packages\numpy\core\umath.pyd
200 File Copy: C:\Python27\Lib\site-packages\numpy\core\_dotblas.pyd
200 File Copy: C:\Python27\Lib\site-packages\numpy\core\_methods.py
200 File Copy: C:\Python27\Lib\site-packages\numpy\core\generate_numpy_api.py
200 File Copy: C:\Python27\Lib\site-packages\numpy\core\cversions.py
200 File Copy: C:\Python27\Lib\site-packages\numpy\core\fromnumeric.py
200 File Copy: C:\Python27\Lib\site-packages\numpy\core\_dummy.pyd
200 File Copy: C:\Python27\Lib\site-packages\numpy\core\defchararray.py
200 File Copy: C:\Python27\Lib\site-packages\numpy\core\machar.py
200 File Copy: C:\Python27\Lib\site-packages\numpy\core\multiarray.pyd
200 File Copy: C:\Python27\Lib\site-packages\numpy\core\info.py
200 File Copy: C:\Python27\Lib\site-packages\numpy\core\scalarmath.pyd
200 File Copy: C:\Python27\Lib\site-packages\numpy\core\setup.py
200 File Copy: C:\Python27\Lib\site-packages\numpy\core\memmap.py
200 File Copy: C:\Python27\Lib\site-packages\numpy\core\test_rational.pyd
200 File Copy: C:\Python27\Lib\site-packages\numpy\core\records.py
200 File Copy: C:\Python27\Lib\site-packages\numpy\core\__init__.py
200 File Copy: C:\Python27\Lib\site-packages\numpy\core\operand_flag_tests.pyd
200 File Copy: C:\Python27\Lib\site-packages\numpy\core\numeric.py
200 File Copy: C:\Python27\Lib\site-packages\numpy\core\setup_common.py
200 File Copy: C:\Python27\Lib\site-packages\numpy\core\struct_ufunc_test.pyd
200 File Copy: C:\Python27\Lib\site-packages\numpy\core\multiarray_tests.pyd
200 File Copy: C:\Python27\Lib\site-packages\numpy\core\_internal.py
200 File Copy: C:\Python27\Lib\site-packages\numpy\core\umath_tests.pyd
200 File Copy: C:\Python27\Lib\site-packages\numpy\core\numerictypes.py
200 File Copy: C:\Python27\Lib\site-packages\numpy\core\shape_base.py
100 Made Dir: C:\Python27\Lib\site-packages\numpy\core\include
100 Made Dir: C:\Python27\Lib\site-packages\numpy\core\include\numpy
200 File Copy: C:\Python27\Lib\site-packages\numpy\core\include\numpy\npy_math.h
200 File Copy: C:\Python27\Lib\site-packages\numpy\core\include\numpy\utils.h
200 File Copy: C:\Python27\Lib\site-packages\numpy\core\include\numpy\npy_no_deprecated_api.h
200 File Copy: C:\Python27\Lib\site-packages\numpy\core\include\numpy\oldnumeric.h
200 File Copy: C:\Python27\Lib\site-packages\numpy\core\include\numpy\__multiarray_api.h
200 File Copy: C:\Python27\Lib\site-packages\numpy\core\include\numpy\halffloat.h
200 File Copy: C:\Python27\Lib\site-packages\numpy\core\include\numpy\_neighborhood_iterator_imp.h
200 File Copy: C:\Python27\Lib\site-packages\numpy\core\include\numpy\npy_interrupt.h
200 File Copy: C:\Python27\Lib\site-packages\numpy\core\include\numpy\_numpyconfig.h
200 File Copy: C:\Python27\Lib\site-packages\numpy\core\include\numpy\arrayobject.h
200 File Copy: C:\Python27\Lib\site-packages\numpy\core\include\numpy\numpyconfig.h
200 File Copy: C:\Python27\Lib\site-packages\numpy\core\include\numpy\arrayscalars.h
200 File Copy: C:\Python27\Lib\site-packages\numpy\core\include\numpy\npy_os.h
200 File Copy: C:\Python27\Lib\site-packages\numpy\core\include\numpy\ndarraytypes.h
200 File Copy: C:\Python27\Lib\site-packages\numpy\core\include\numpy\__ufunc_api.h
200 File Copy: C:\Python27\Lib\site-packages\numpy\core\include\numpy\noprefix.h
200 File Copy: C:\Python27\Lib\site-packages\numpy\core\include\numpy\ndarrayobject.h
200 File Copy: C:\Python27\Lib\site-packages\numpy\core\include\numpy\npy_3kcompat.h
200 File Copy: C:\Python27\Lib\site-packages\numpy\core\include\numpy\npy_endian.h
200 File Copy: C:\Python27\Lib\site-packages\numpy\core\include\numpy\npy_1_7_deprecated_api.h
200 File Copy: C:\Python27\Lib\site-packages\numpy\core\include\numpy\npy_common.h
200 File Copy: C:\Python27\Lib\site-packages\numpy\core\include\numpy\multiarray_api.txt
200 File Copy: C:\Python27\Lib\site-packages\numpy\core\include\numpy\ufunc_api.txt
200 File Copy: C:\Python27\Lib\site-packages\numpy\core\include\numpy\npy_cpu.h
200 File Copy: C:\Python27\Lib\site-packages\numpy\core\include\numpy\old_defines.h
200 File Copy: C:\Python27\Lib\site-packages\numpy\core\include\numpy\ufuncobject.h
100 Made Dir: C:\Python27\Lib\site-packages\numpy\core\tests
200 File Copy: C:\Python27\Lib\site-packages\numpy\core\tests\test_multiarray_assignment.py
200 File Copy: C:\Python27\Lib\site-packages\numpy\core\tests\test_api.py
200 File Copy: C:\Python27\Lib\site-packages\numpy\core\tests\test_numerictypes.py
200 File Copy: C:\Python27\Lib\site-packages\numpy\core\tests\test_errstate.py
200 File Copy: C:\Python27\Lib\site-packages\numpy\core\tests\test_getlimits.py
200 File Copy: C:\Python27\Lib\site-packages\numpy\core\tests\test_dtype.py
200 File Copy: C:\Python27\Lib\site-packages\numpy\core\tests\test_blasdot.py
200 File Copy: C:\Python27\Lib\site-packages\numpy\core\tests\test_indexing.py
200 File Copy: C:\Python27\Lib\site-packages\numpy\core\tests\test_scalarprint.py
200 File Copy: C:\Python27\Lib\site-packages\numpy\core\tests\test_multiarray.py
200 File Copy: C:\Python27\Lib\site-packages\numpy\core\tests\test_numeric.py
200 File Copy: C:\Python27\Lib\site-packages\numpy\core\tests\test_umath.py
200 File Copy: C:\Python27\Lib\site-packages\numpy\core\tests\test_unicode.py
200 File Copy: C:\Python27\Lib\site-packages\numpy\core\tests\test_print.py
200 File Copy: C:\Python27\Lib\site-packages\numpy\core\tests\test_abc.py
200 File Copy: C:\Python27\Lib\site-packages\numpy\core\tests\test_function_base.py
200 File Copy: C:\Python27\Lib\site-packages\numpy\core\tests\test_umath_complex.py
200 File Copy: C:\Python27\Lib\site-packages\numpy\core\tests\test_regression.py
200 File Copy: C:\Python27\Lib\site-packages\numpy\core\tests\test_memmap.py
200 File Copy: C:\Python27\Lib\site-packages\numpy\core\tests\test_defchararray.py
200 File Copy: C:\Python27\Lib\site-packages\numpy\core\tests\test_scalarmath.py
200 File Copy: C:\Python27\Lib\site-packages\numpy\core\tests\test_nditer.py
200 File Copy: C:\Python27\Lib\site-packages\numpy\core\tests\test_shape_base.py
200 File Copy: C:\Python27\Lib\site-packages\numpy\core\tests\test_arrayprint.py
200 File Copy: C:\Python27\Lib\site-packages\numpy\core\tests\test_item_selection.py
200 File Copy: C:\Python27\Lib\site-packages\numpy\core\tests\test_machar.py
200 File Copy: C:\Python27\Lib\site-packages\numpy\core\tests\test_scalarinherit.py
200 File Copy: C:\Python27\Lib\site-packages\numpy\core\tests\test_indexerrors.py
200 File Copy: C:\Python27\Lib\site-packages\numpy\core\tests\test_half.py
200 File Copy: C:\Python27\Lib\site-packages\numpy\core\tests\test_deprecations.py
200 File Copy: C:\Python27\Lib\site-packages\numpy\core\tests\test_records.py
200 File Copy: C:\Python27\Lib\site-packages\numpy\core\tests\test_ufunc.py
200 File Copy: C:\Python27\Lib\site-packages\numpy\core\tests\test_datetime.py
200 File Copy: C:\Python27\Lib\site-packages\numpy\core\tests\test_einsum.py
100 Made Dir: C:\Python27\Lib\site-packages\numpy\core\tests\data
200 File Copy: C:\Python27\Lib\site-packages\numpy\core\tests\data\recarray_from_file.fits
200 File Copy: C:\Python27\Lib\site-packages\numpy\core\tests\data\astype_copy.pkl
100 Made Dir: C:\Python27\Lib\site-packages\numpy\core\lib
200 File Copy: C:\Python27\Lib\site-packages\numpy\core\lib\libnpymath.a
100 Made Dir: C:\Python27\Lib\site-packages\numpy\core\lib\npy-pkg-config
200 File Copy: C:\Python27\Lib\site-packages\numpy\core\lib\npy-pkg-config\mlib.ini
200 File Copy: C:\Python27\Lib\site-packages\numpy\core\lib\npy-pkg-config\npymath.ini
100 Made Dir: C:\Python27\Lib\site-packages\numpy\matrixlib
200 File Copy: C:\Python27\Lib\site-packages\numpy\matrixlib\setup.py
200 File Copy: C:\Python27\Lib\site-packages\numpy\matrixlib\__init__.py
200 File Copy: C:\Python27\Lib\site-packages\numpy\matrixlib\defmatrix.py
100 Made Dir: C:\Python27\Lib\site-packages\numpy\matrixlib\tests
200 File Copy: C:\Python27\Lib\site-packages\numpy\matrixlib\tests\test_numeric.py
200 File Copy: C:\Python27\Lib\site-packages\numpy\matrixlib\tests\test_defmatrix.py
200 File Copy: C:\Python27\Lib\site-packages\numpy\matrixlib\tests\test_regression.py
200 File Copy: C:\Python27\Lib\site-packages\numpy\matrixlib\tests\test_multiarray.py
100 Made Dir: C:\Python27\Lib\site-packages\numpy\polynomial
200 File Copy: C:\Python27\Lib\site-packages\numpy\polynomial\laguerre.py
200 File Copy: C:\Python27\Lib\site-packages\numpy\polynomial\polyutils.py
200 File Copy: C:\Python27\Lib\site-packages\numpy\polynomial\hermite_e.py
200 File Copy: C:\Python27\Lib\site-packages\numpy\polynomial\legendre.py
200 File Copy: C:\Python27\Lib\site-packages\numpy\polynomial\chebyshev.py
200 File Copy: C:\Python27\Lib\site-packages\numpy\polynomial\setup.py
200 File Copy: C:\Python27\Lib\site-packages\numpy\polynomial\polytemplate.py
200 File Copy: C:\Python27\Lib\site-packages\numpy\polynomial\__init__.py
200 File Copy: C:\Python27\Lib\site-packages\numpy\polynomial\hermite.py
200 File Copy: C:\Python27\Lib\site-packages\numpy\polynomial\polynomial.py
200 File Copy: C:\Python27\Lib\site-packages\numpy\polynomial\_polybase.py
100 Made Dir: C:\Python27\Lib\site-packages\numpy\polynomial\tests
200 File Copy: C:\Python27\Lib\site-packages\numpy\polynomial\tests\test_printing.py
200 File Copy: C:\Python27\Lib\site-packages\numpy\polynomial\tests\test_polynomial.py
200 File Copy: C:\Python27\Lib\site-packages\numpy\polynomial\tests\test_chebyshev.py
200 File Copy: C:\Python27\Lib\site-packages\numpy\polynomial\tests\test_hermite.py
200 File Copy: C:\Python27\Lib\site-packages\numpy\polynomial\tests\test_hermite_e.py
200 File Copy: C:\Python27\Lib\site-packages\numpy\polynomial\tests\test_polyutils.py
200 File Copy: C:\Python27\Lib\site-packages\numpy\polynomial\tests\test_legendre.py
200 File Copy: C:\Python27\Lib\site-packages\numpy\polynomial\tests\test_laguerre.py
200 File Copy: C:\Python27\Lib\site-packages\numpy\polynomial\tests\test_classes.py
100 Made Dir: C:\Python27\Lib\site-packages\numpy\compat
200 File Copy: C:\Python27\Lib\site-packages\numpy\compat\_inspect.py
200 File Copy: C:\Python27\Lib\site-packages\numpy\compat\setup.py
200 File Copy: C:\Python27\Lib\site-packages\numpy\compat\__init__.py
200 File Copy: C:\Python27\Lib\site-packages\numpy\compat\py3k.py
200 File Copy: C:\Python27\Scripts\f2py.py
200 File Copy: C:\Python27\Scripts\f2py.pyc
200 File Copy: C:\Python27\Lib\site-packages\numpy\compat\py3k.pyc
200 File Copy: C:\Python27\Lib\site-packages\numpy\compat\__init__.pyc
200 File Copy: C:\Python27\Lib\site-packages\numpy\compat\setup.pyc
200 File Copy: C:\Python27\Lib\site-packages\numpy\compat\_inspect.pyc
200 File Copy: C:\Python27\Lib\site-packages\numpy\polynomial\tests\test_classes.pyc
200 File Copy: C:\Python27\Lib\site-packages\numpy\polynomial\tests\test_laguerre.pyc
200 File Copy: C:\Python27\Lib\site-packages\numpy\polynomial\tests\test_legendre.pyc
200 File Copy: C:\Python27\Lib\site-packages\numpy\polynomial\tests\test_polyutils.pyc
200 File Copy: C:\Python27\Lib\site-packages\numpy\polynomial\tests\test_hermite_e.pyc
200 File Copy: C:\Python27\Lib\site-packages\numpy\polynomial\tests\test_hermite.pyc
200 File Copy: C:\Python27\Lib\site-packages\numpy\polynomial\tests\test_chebyshev.pyc
200 File Copy: C:\Python27\Lib\site-packages\numpy\polynomial\tests\test_polynomial.pyc
200 File Copy: C:\Python27\Lib\site-packages\numpy\polynomial\tests\test_printing.pyc
200 File Copy: C:\Python27\Lib\site-packages\numpy\polynomial\_polybase.pyc
200 File Copy: C:\Python27\Lib\site-packages\numpy\polynomial\polynomial.pyc
200 File Copy: C:\Python27\Lib\site-packages\numpy\polynomial\hermite.pyc
200 File Copy: C:\Python27\Lib\site-packages\numpy\polynomial\__init__.pyc
200 File Copy: C:\Python27\Lib\site-packages\numpy\polynomial\polytemplate.pyc
200 File Copy: C:\Python27\Lib\site-packages\numpy\polynomial\setup.pyc
200 File Copy: C:\Python27\Lib\site-packages\numpy\polynomial\chebyshev.pyc
200 File Copy: C:\Python27\Lib\site-packages\numpy\polynomial\legendre.pyc
200 File Copy: C:\Python27\Lib\site-packages\numpy\polynomial\hermite_e.pyc
200 File Copy: C:\Python27\Lib\site-packages\numpy\polynomial\polyutils.pyc
200 File Copy: C:\Python27\Lib\site-packages\numpy\polynomial\laguerre.pyc
200 File Copy: C:\Python27\Lib\site-packages\numpy\matrixlib\tests\test_multiarray.pyc
200 File Copy: C:\Python27\Lib\site-packages\numpy\matrixlib\tests\test_regression.pyc
200 File Copy: C:\Python27\Lib\site-packages\numpy\matrixlib\tests\test_defmatrix.pyc
200 File Copy: C:\Python27\Lib\site-packages\numpy\matrixlib\tests\test_numeric.pyc
200 File Copy: C:\Python27\Lib\site-packages\numpy\matrixlib\defmatrix.pyc
200 File Copy: C:\Python27\Lib\site-packages\numpy\matrixlib\__init__.pyc
200 File Copy: C:\Python27\Lib\site-packages\numpy\matrixlib\setup.pyc
200 File Copy: C:\Python27\Lib\site-packages\numpy\core\tests\test_einsum.pyc
200 File Copy: C:\Python27\Lib\site-packages\numpy\core\tests\test_datetime.pyc
200 File Copy: C:\Python27\Lib\site-packages\numpy\core\tests\test_ufunc.pyc
200 File Copy: C:\Python27\Lib\site-packages\numpy\core\tests\test_records.pyc
200 File Copy: C:\Python27\Lib\site-packages\numpy\core\tests\test_deprecations.pyc
200 File Copy: C:\Python27\Lib\site-packages\numpy\core\tests\test_half.pyc
200 File Copy: C:\Python27\Lib\site-packages\numpy\core\tests\test_indexerrors.pyc
200 File Copy: C:\Python27\Lib\site-packages\numpy\core\tests\test_scalarinherit.pyc
200 File Copy: C:\Python27\Lib\site-packages\numpy\core\tests\test_machar.pyc
200 File Copy: C:\Python27\Lib\site-packages\numpy\core\tests\test_item_selection.pyc
200 File Copy: C:\Python27\Lib\site-packages\numpy\core\tests\test_arrayprint.pyc
200 File Copy: C:\Python27\Lib\site-packages\numpy\core\tests\test_shape_base.pyc
200 File Copy: C:\Python27\Lib\site-packages\numpy\core\tests\test_nditer.pyc
200 File Copy: C:\Python27\Lib\site-packages\numpy\core\tests\test_scalarmath.pyc
200 File Copy: C:\Python27\Lib\site-packages\numpy\core\tests\test_defchararray.pyc
200 File Copy: C:\Python27\Lib\site-packages\numpy\core\tests\test_memmap.pyc
200 File Copy: C:\Python27\Lib\site-packages\numpy\core\tests\test_regression.pyc
200 File Copy: C:\Python27\Lib\site-packages\numpy\core\tests\test_umath_complex.pyc
200 File Copy: C:\Python27\Lib\site-packages\numpy\core\tests\test_function_base.pyc
200 File Copy: C:\Python27\Lib\site-packages\numpy\core\tests\test_abc.pyc
200 File Copy: C:\Python27\Lib\site-packages\numpy\core\tests\test_print.pyc
200 File Copy: C:\Python27\Lib\site-packages\numpy\core\tests\test_unicode.pyc
200 File Copy: C:\Python27\Lib\site-packages\numpy\core\tests\test_umath.pyc
200 File Copy: C:\Python27\Lib\site-packages\numpy\core\tests\test_numeric.pyc
200 File Copy: C:\Python27\Lib\site-packages\numpy\core\tests\test_multiarray.pyc
200 File Copy: C:\Python27\Lib\site-packages\numpy\core\tests\test_scalarprint.pyc
200 File Copy: C:\Python27\Lib\site-packages\numpy\core\tests\test_indexing.pyc
200 File Copy: C:\Python27\Lib\site-packages\numpy\core\tests\test_blasdot.pyc
200 File Copy: C:\Python27\Lib\site-packages\numpy\core\tests\test_dtype.pyc
200 File Copy: C:\Python27\Lib\site-packages\numpy\core\tests\test_getlimits.pyc
200 File Copy: C:\Python27\Lib\site-packages\numpy\core\tests\test_errstate.pyc
200 File Copy: C:\Python27\Lib\site-packages\numpy\core\tests\test_numerictypes.pyc
200 File Copy: C:\Python27\Lib\site-packages\numpy\core\tests\test_api.pyc
200 File Copy: C:\Python27\Lib\site-packages\numpy\core\tests\test_multiarray_assignment.pyc
200 File Copy: C:\Python27\Lib\site-packages\numpy\core\shape_base.pyc
200 File Copy: C:\Python27\Lib\site-packages\numpy\core\numerictypes.pyc
200 File Copy: C:\Python27\Lib\site-packages\numpy\core\_internal.pyc
200 File Copy: C:\Python27\Lib\site-packages\numpy\core\setup_common.pyc
200 File Copy: C:\Python27\Lib\site-packages\numpy\core\numeric.pyc
200 File Copy: C:\Python27\Lib\site-packages\numpy\core\__init__.pyc
200 File Copy: C:\Python27\Lib\site-packages\numpy\core\records.pyc
200 File Copy: C:\Python27\Lib\site-packages\numpy\core\memmap.pyc
200 File Copy: C:\Python27\Lib\site-packages\numpy\core\setup.pyc
200 File Copy: C:\Python27\Lib\site-packages\numpy\core\info.pyc
200 File Copy: C:\Python27\Lib\site-packages\numpy\core\machar.pyc
200 File Copy: C:\Python27\Lib\site-packages\numpy\core\defchararray.pyc
200 File Copy: C:\Python27\Lib\site-packages\numpy\core\fromnumeric.pyc
200 File Copy: C:\Python27\Lib\site-packages\numpy\core\cversions.pyc
200 File Copy: C:\Python27\Lib\site-packages\numpy\core\generate_numpy_api.pyc
200 File Copy: C:\Python27\Lib\site-packages\numpy\core\_methods.pyc
200 File Copy: C:\Python27\Lib\site-packages\numpy\core\arrayprint.pyc
200 File Copy: C:\Python27\Lib\site-packages\numpy\core\getlimits.pyc
200 File Copy: C:\Python27\Lib\site-packages\numpy\core\function_base.pyc
200 File Copy: C:\Python27\Lib\site-packages\numpy\lib\tests\test_utils.pyc
200 File Copy: C:\Python27\Lib\site-packages\numpy\lib\tests\test_io.pyc
200 File Copy: C:\Python27\Lib\site-packages\numpy\lib\tests\test_nanfunctions.pyc
200 File Copy: C:\Python27\Lib\site-packages\numpy\lib\tests\test__datasource.pyc
200 File Copy: C:\Python27\Lib\site-packages\numpy\lib\tests\test_stride_tricks.pyc
200 File Copy: C:\Python27\Lib\site-packages\numpy\lib\tests\test_arraysetops.pyc
200 File Copy: C:\Python27\Lib\site-packages\numpy\lib\tests\test_shape_base.pyc
200 File Copy: C:\Python27\Lib\site-packages\numpy\lib\tests\test_index_tricks.pyc
200 File Copy: C:\Python27\Lib\site-packages\numpy\lib\tests\test_type_check.pyc
200 File Copy: C:\Python27\Lib\site-packages\numpy\lib\tests\test_regression.pyc
200 File Copy: C:\Python27\Lib\site-packages\numpy\lib\tests\test_function_base.pyc
200 File Copy: C:\Python27\Lib\site-packages\numpy\lib\tests\test__version.pyc
200 File Copy: C:\Python27\Lib\site-packages\numpy\lib\tests\test_financial.pyc
200 File Copy: C:\Python27\Lib\site-packages\numpy\lib\tests\test_recfunctions.pyc
200 File Copy: C:\Python27\Lib\site-packages\numpy\lib\tests\test_polynomial.pyc
200 File Copy: C:\Python27\Lib\site-packages\numpy\lib\tests\test__iotools.pyc
200 File Copy: C:\Python27\Lib\site-packages\numpy\lib\tests\test_ufunclike.pyc
200 File Copy: C:\Python27\Lib\site-packages\numpy\lib\tests\test_format.pyc
200 File Copy: C:\Python27\Lib\site-packages\numpy\lib\tests\test_arrayterator.pyc
200 File Copy: C:\Python27\Lib\site-packages\numpy\lib\tests\test_twodim_base.pyc
200 File Copy: C:\Python27\Lib\site-packages\numpy\lib\tests\test_arraypad.pyc
200 File Copy: C:\Python27\Lib\site-packages\numpy\lib\shape_base.pyc
200 File Copy: C:\Python27\Lib\site-packages\numpy\lib\stride_tricks.pyc
200 File Copy: C:\Python27\Lib\site-packages\numpy\lib\npyio.pyc
200 File Copy: C:\Python27\Lib\site-packages\numpy\lib\_datasource.pyc
200 File Copy: C:\Python27\Lib\site-packages\numpy\lib\nanfunctions.pyc
200 File Copy: C:\Python27\Lib\site-packages\numpy\lib\arraypad.pyc
200 File Copy: C:\Python27\Lib\site-packages\numpy\lib\__init__.pyc
200 File Copy: C:\Python27\Lib\site-packages\numpy\lib\ufunclike.pyc
200 File Copy: C:\Python27\Lib\site-packages\numpy\lib\user_array.pyc
200 File Copy: C:\Python27\Lib\site-packages\numpy\lib\setup.pyc
200 File Copy: C:\Python27\Lib\site-packages\numpy\lib\index_tricks.pyc
200 File Copy: C:\Python27\Lib\site-packages\numpy\lib\_version.pyc
200 File Copy: C:\Python27\Lib\site-packages\numpy\lib\info.pyc
200 File Copy: C:\Python27\Lib\site-packages\numpy\lib\utils.pyc
200 File Copy: C:\Python27\Lib\site-packages\numpy\lib\_iotools.pyc
200 File Copy: C:\Python27\Lib\site-packages\numpy\lib\type_check.pyc
200 File Copy: C:\Python27\Lib\site-packages\numpy\lib\recfunctions.pyc
200 File Copy: C:\Python27\Lib\site-packages\numpy\lib\arraysetops.pyc
200 File Copy: C:\Python27\Lib\site-packages\numpy\lib\scimath.pyc
200 File Copy: C:\Python27\Lib\site-packages\numpy\lib\twodim_base.pyc
200 File Copy: C:\Python27\Lib\site-packages\numpy\lib\arrayterator.pyc
200 File Copy: C:\Python27\Lib\site-packages\numpy\lib\polynomial.pyc
200 File Copy: C:\Python27\Lib\site-packages\numpy\lib\function_base.pyc
200 File Copy: C:\Python27\Lib\site-packages\numpy\lib\format.pyc
200 File Copy: C:\Python27\Lib\site-packages\numpy\lib\financial.pyc
200 File Copy: C:\Python27\Lib\site-packages\numpy\fft\tests\test_helper.pyc
200 File Copy: C:\Python27\Lib\site-packages\numpy\fft\tests\test_fftpack.pyc
200 File Copy: C:\Python27\Lib\site-packages\numpy\fft\fftpack.pyc
200 File Copy: C:\Python27\Lib\site-packages\numpy\fft\__init__.pyc
200 File Copy: C:\Python27\Lib\site-packages\numpy\fft\setup.pyc
200 File Copy: C:\Python27\Lib\site-packages\numpy\fft\info.pyc
200 File Copy: C:\Python27\Lib\site-packages\numpy\fft\helper.pyc
200 File Copy: C:\Python27\Lib\site-packages\numpy\tests\test_ctypeslib.pyc
200 File Copy: C:\Python27\Lib\site-packages\numpy\tests\test_matlib.pyc
200 File Copy: C:\Python27\Lib\site-packages\numpy\linalg\tests\test_linalg.pyc
200 File Copy: C:\Python27\Lib\site-packages\numpy\linalg\tests\test_deprecations.pyc
200 File Copy: C:\Python27\Lib\site-packages\numpy\linalg\tests\test_regression.pyc
200 File Copy: C:\Python27\Lib\site-packages\numpy\linalg\tests\test_build.pyc
200 File Copy: C:\Python27\Lib\site-packages\numpy\linalg\info.pyc
200 File Copy: C:\Python27\Lib\site-packages\numpy\linalg\linalg.pyc
200 File Copy: C:\Python27\Lib\site-packages\numpy\linalg\__init__.pyc
200 File Copy: C:\Python27\Lib\site-packages\numpy\linalg\setup.pyc
200 File Copy: C:\Python27\Lib\site-packages\numpy\random\tests\test_regression.pyc
200 File Copy: C:\Python27\Lib\site-packages\numpy\random\tests\test_random.pyc
200 File Copy: C:\Python27\Lib\site-packages\numpy\random\__init__.pyc
200 File Copy: C:\Python27\Lib\site-packages\numpy\random\setup.pyc
200 File Copy: C:\Python27\Lib\site-packages\numpy\random\info.pyc
200 File Copy: C:\Python27\Lib\site-packages\numpy\ma\tests\test_mrecords.pyc
200 File Copy: C:\Python27\Lib\site-packages\numpy\ma\tests\test_subclassing.pyc
200 File Copy: C:\Python27\Lib\site-packages\numpy\ma\tests\test_old_ma.pyc
200 File Copy: C:\Python27\Lib\site-packages\numpy\ma\tests\test_extras.pyc
200 File Copy: C:\Python27\Lib\site-packages\numpy\ma\tests\test_regression.pyc
200 File Copy: C:\Python27\Lib\site-packages\numpy\ma\tests\test_core.pyc
200 File Copy: C:\Python27\Lib\site-packages\numpy\ma\version.pyc
200 File Copy: C:\Python27\Lib\site-packages\numpy\ma\timer_comparison.pyc
200 File Copy: C:\Python27\Lib\site-packages\numpy\ma\mrecords.pyc
200 File Copy: C:\Python27\Lib\site-packages\numpy\ma\core.pyc
200 File Copy: C:\Python27\Lib\site-packages\numpy\ma\__init__.pyc
200 File Copy: C:\Python27\Lib\site-packages\numpy\ma\testutils.pyc
200 File Copy: C:\Python27\Lib\site-packages\numpy\ma\bench.pyc
200 File Copy: C:\Python27\Lib\site-packages\numpy\ma\setup.pyc
200 File Copy: C:\Python27\Lib\site-packages\numpy\ma\extras.pyc
200 File Copy: C:\Python27\Lib\site-packages\numpy\f2py\tests\test_size.pyc
200 File Copy: C:\Python27\Lib\site-packages\numpy\f2py\tests\test_kind.pyc
200 File Copy: C:\Python27\Lib\site-packages\numpy\f2py\tests\test_return_logical.pyc
200 File Copy: C:\Python27\Lib\site-packages\numpy\f2py\tests\test_mixed.pyc
200 File Copy: C:\Python27\Lib\site-packages\numpy\f2py\tests\test_return_complex.pyc
200 File Copy: C:\Python27\Lib\site-packages\numpy\f2py\tests\test_return_real.pyc
200 File Copy: C:\Python27\Lib\site-packages\numpy\f2py\tests\test_array_from_pyobj.pyc
200 File Copy: C:\Python27\Lib\site-packages\numpy\f2py\tests\test_callback.pyc
200 File Copy: C:\Python27\Lib\site-packages\numpy\f2py\tests\test_regression.pyc
200 File Copy: C:\Python27\Lib\site-packages\numpy\f2py\tests\test_return_character.pyc
200 File Copy: C:\Python27\Lib\site-packages\numpy\f2py\tests\test_assumed_shape.pyc
200 File Copy: C:\Python27\Lib\site-packages\numpy\f2py\tests\util.pyc
200 File Copy: C:\Python27\Lib\site-packages\numpy\f2py\tests\test_return_integer.pyc
200 File Copy: C:\Python27\Lib\site-packages\numpy\f2py\use_rules.pyc
200 File Copy: C:\Python27\Lib\site-packages\numpy\f2py\rules.pyc
200 File Copy: C:\Python27\Lib\site-packages\numpy\f2py\diagnose.pyc
200 File Copy: C:\Python27\Lib\site-packages\numpy\f2py\cfuncs.pyc
200 File Copy: C:\Python27\Lib\site-packages\numpy\f2py\crackfortran.pyc
200 File Copy: C:\Python27\Lib\site-packages\numpy\f2py\f2py2e.pyc
200 File Copy: C:\Python27\Lib\site-packages\numpy\f2py\f90mod_rules.pyc
200 File Copy: C:\Python27\Lib\site-packages\numpy\f2py\__init__.pyc
200 File Copy: C:\Python27\Lib\site-packages\numpy\f2py\capi_maps.pyc
200 File Copy: C:\Python27\Lib\site-packages\numpy\f2py\setup.pyc
200 File Copy: C:\Python27\Lib\site-packages\numpy\f2py\cb_rules.pyc
200 File Copy: C:\Python27\Lib\site-packages\numpy\f2py\info.pyc
200 File Copy: C:\Python27\Lib\site-packages\numpy\f2py\__version__.pyc
200 File Copy: C:\Python27\Lib\site-packages\numpy\f2py\func2subr.pyc
200 File Copy: C:\Python27\Lib\site-packages\numpy\f2py\f2py_testing.pyc
200 File Copy: C:\Python27\Lib\site-packages\numpy\f2py\auxfuncs.pyc
200 File Copy: C:\Python27\Lib\site-packages\numpy\f2py\common_rules.pyc
200 File Copy: C:\Python27\Lib\site-packages\numpy\distutils\tests\f2py_f90_ext\tests\test_foo.pyc
200 File Copy: C:\Python27\Lib\site-packages\numpy\distutils\tests\f2py_f90_ext\__init__.pyc
200 File Copy: C:\Python27\Lib\site-packages\numpy\distutils\tests\f2py_f90_ext\setup.pyc
200 File Copy: C:\Python27\Lib\site-packages\numpy\distutils\tests\f2py_ext\tests\test_fib2.pyc
200 File Copy: C:\Python27\Lib\site-packages\numpy\distutils\tests\f2py_ext\__init__.pyc
200 File Copy: C:\Python27\Lib\site-packages\numpy\distutils\tests\f2py_ext\setup.pyc
200 File Copy: C:\Python27\Lib\site-packages\numpy\distutils\tests\gen_ext\tests\test_fib3.pyc
200 File Copy: C:\Python27\Lib\site-packages\numpy\distutils\tests\gen_ext\setup.pyc
200 File Copy: C:\Python27\Lib\site-packages\numpy\distutils\tests\gen_ext\__init__.pyc
200 File Copy: C:\Python27\Lib\site-packages\numpy\distutils\tests\pyrex_ext\tests\test_primes.pyc
200 File Copy: C:\Python27\Lib\site-packages\numpy\distutils\tests\pyrex_ext\__init__.pyc
200 File Copy: C:\Python27\Lib\site-packages\numpy\distutils\tests\pyrex_ext\setup.pyc
200 File Copy: C:\Python27\Lib\site-packages\numpy\distutils\tests\swig_ext\tests\test_example.pyc
200 File Copy: C:\Python27\Lib\site-packages\numpy\distutils\tests\swig_ext\tests\test_example2.pyc
200 File Copy: C:\Python27\Lib\site-packages\numpy\distutils\tests\swig_ext\__init__.pyc
200 File Copy: C:\Python27\Lib\site-packages\numpy\distutils\tests\swig_ext\setup.pyc
200 File Copy: C:\Python27\Lib\site-packages\numpy\distutils\tests\test_npy_pkg_config.pyc
200 File Copy: C:\Python27\Lib\site-packages\numpy\distutils\tests\test_fcompiler_gnu.pyc
200 File Copy: C:\Python27\Lib\site-packages\numpy\distutils\tests\setup.pyc
200 File Copy: C:\Python27\Lib\site-packages\numpy\distutils\tests\test_exec_command.pyc
200 File Copy: C:\Python27\Lib\site-packages\numpy\distutils\tests\test_fcompiler_intel.pyc
200 File Copy: C:\Python27\Lib\site-packages\numpy\distutils\tests\test_misc_util.pyc
200 File Copy: C:\Python27\Lib\site-packages\numpy\distutils\command\develop.pyc
200 File Copy: C:\Python27\Lib\site-packages\numpy\distutils\command\build_ext.pyc
200 File Copy: C:\Python27\Lib\site-packages\numpy\distutils\command\install_data.pyc
200 File Copy: C:\Python27\Lib\site-packages\numpy\distutils\command\build_src.pyc
200 File Copy: C:\Python27\Lib\site-packages\numpy\distutils\command\bdist_rpm.pyc
200 File Copy: C:\Python27\Lib\site-packages\numpy\distutils\command\config_compiler.pyc
200 File Copy: C:\Python27\Lib\site-packages\numpy\distutils\command\sdist.pyc
200 File Copy: C:\Python27\Lib\site-packages\numpy\distutils\command\autodist.pyc
200 File Copy: C:\Python27\Lib\site-packages\numpy\distutils\command\build_scripts.pyc
200 File Copy: C:\Python27\Lib\site-packages\numpy\distutils\command\__init__.pyc
200 File Copy: C:\Python27\Lib\site-packages\numpy\distutils\command\build.pyc
200 File Copy: C:\Python27\Lib\site-packages\numpy\distutils\command\build_py.pyc
200 File Copy: C:\Python27\Lib\site-packages\numpy\distutils\command\install_clib.pyc
200 File Copy: C:\Python27\Lib\site-packages\numpy\distutils\command\install_headers.pyc
200 File Copy: C:\Python27\Lib\site-packages\numpy\distutils\command\install.pyc
200 File Copy: C:\Python27\Lib\site-packages\numpy\distutils\command\build_clib.pyc
200 File Copy: C:\Python27\Lib\site-packages\numpy\distutils\command\config.pyc
200 File Copy: C:\Python27\Lib\site-packages\numpy\distutils\command\egg_info.pyc
200 File Copy: C:\Python27\Lib\site-packages\numpy\distutils\fcompiler\ibm.pyc
200 File Copy: C:\Python27\Lib\site-packages\numpy\distutils\fcompiler\lahey.pyc
200 File Copy: C:\Python27\Lib\site-packages\numpy\distutils\fcompiler\pathf95.pyc
200 File Copy: C:\Python27\Lib\site-packages\numpy\distutils\fcompiler\g95.pyc
200 File Copy: C:\Python27\Lib\site-packages\numpy\distutils\fcompiler\nag.pyc
200 File Copy: C:\Python27\Lib\site-packages\numpy\distutils\fcompiler\__init__.pyc
200 File Copy: C:\Python27\Lib\site-packages\numpy\distutils\fcompiler\mips.pyc
200 File Copy: C:\Python27\Lib\site-packages\numpy\distutils\fcompiler\hpux.pyc
200 File Copy: C:\Python27\Lib\site-packages\numpy\distutils\fcompiler\sun.pyc
200 File Copy: C:\Python27\Lib\site-packages\numpy\distutils\fcompiler\absoft.pyc
200 File Copy: C:\Python27\Lib\site-packages\numpy\distutils\fcompiler\none.pyc
200 File Copy: C:\Python27\Lib\site-packages\numpy\distutils\fcompiler\pg.pyc
200 File Copy: C:\Python27\Lib\site-packages\numpy\distutils\fcompiler\vast.pyc
200 File Copy: C:\Python27\Lib\site-packages\numpy\distutils\fcompiler\gnu.pyc
200 File Copy: C:\Python27\Lib\site-packages\numpy\distutils\fcompiler\intel.pyc
200 File Copy: C:\Python27\Lib\site-packages\numpy\distutils\fcompiler\compaq.pyc
200 File Copy: C:\Python27\Lib\site-packages\numpy\distutils\system_info.pyc
200 File Copy: C:\Python27\Lib\site-packages\numpy\distutils\core.pyc
200 File Copy: C:\Python27\Lib\site-packages\numpy\distutils\lib2def.pyc
200 File Copy: C:\Python27\Lib\site-packages\numpy\distutils\__config__.pyc
200 File Copy: C:\Python27\Lib\site-packages\numpy\distutils\__init__.pyc
200 File Copy: C:\Python27\Lib\site-packages\numpy\distutils\line_endings.pyc
200 File Copy: C:\Python27\Lib\site-packages\numpy\distutils\environment.pyc
200 File Copy: C:\Python27\Lib\site-packages\numpy\distutils\cpuinfo.pyc
200 File Copy: C:\Python27\Lib\site-packages\numpy\distutils\mingw32ccompiler.pyc
200 File Copy: C:\Python27\Lib\site-packages\numpy\distutils\ccompiler.pyc
200 File Copy: C:\Python27\Lib\site-packages\numpy\distutils\setup.pyc
200 File Copy: C:\Python27\Lib\site-packages\numpy\distutils\intelccompiler.pyc
200 File Copy: C:\Python27\Lib\site-packages\numpy\distutils\pathccompiler.pyc
200 File Copy: C:\Python27\Lib\site-packages\numpy\distutils\info.pyc
200 File Copy: C:\Python27\Lib\site-packages\numpy\distutils\exec_command.pyc
200 File Copy: C:\Python27\Lib\site-packages\numpy\distutils\__version__.pyc
200 File Copy: C:\Python27\Lib\site-packages\numpy\distutils\unixccompiler.pyc
200 File Copy: C:\Python27\Lib\site-packages\numpy\distutils\log.pyc
200 File Copy: C:\Python27\Lib\site-packages\numpy\distutils\npy_pkg_config.pyc
200 File Copy: C:\Python27\Lib\site-packages\numpy\distutils\numpy_distribution.pyc
200 File Copy: C:\Python27\Lib\site-packages\numpy\distutils\compat.pyc
200 File Copy: C:\Python27\Lib\site-packages\numpy\distutils\from_template.pyc
200 File Copy: C:\Python27\Lib\site-packages\numpy\distutils\conv_template.pyc
200 File Copy: C:\Python27\Lib\site-packages\numpy\distutils\extension.pyc
200 File Copy: C:\Python27\Lib\site-packages\numpy\distutils\misc_util.pyc
200 File Copy: C:\Python27\Lib\site-packages\numpy\testing\tests\test_utils.pyc
200 File Copy: C:\Python27\Lib\site-packages\numpy\testing\tests\test_doctesting.pyc
200 File Copy: C:\Python27\Lib\site-packages\numpy\testing\tests\test_decorators.pyc
200 File Copy: C:\Python27\Lib\site-packages\numpy\testing\decorators.pyc
200 File Copy: C:\Python27\Lib\site-packages\numpy\testing\nosetester.pyc
200 File Copy: C:\Python27\Lib\site-packages\numpy\testing\noseclasses.pyc
200 File Copy: C:\Python27\Lib\site-packages\numpy\testing\__init__.pyc
200 File Copy: C:\Python27\Lib\site-packages\numpy\testing\setup.pyc
200 File Copy: C:\Python27\Lib\site-packages\numpy\testing\utils.pyc
200 File Copy: C:\Python27\Lib\site-packages\numpy\testing\print_coercion_tables.pyc
200 File Copy: C:\Python27\Lib\site-packages\numpy\doc\howtofind.pyc
200 File Copy: C:\Python27\Lib\site-packages\numpy\doc\broadcasting.pyc
200 File Copy: C:\Python27\Lib\site-packages\numpy\doc\performance.pyc
200 File Copy: C:\Python27\Lib\site-packages\numpy\doc\misc.pyc
200 File Copy: C:\Python27\Lib\site-packages\numpy\doc\io.pyc
200 File Copy: C:\Python27\Lib\site-packages\numpy\doc\__init__.pyc
200 File Copy: C:\Python27\Lib\site-packages\numpy\doc\jargon.pyc
200 File Copy: C:\Python27\Lib\site-packages\numpy\doc\ufuncs.pyc
200 File Copy: C:\Python27\Lib\site-packages\numpy\doc\structured_arrays.pyc
200 File Copy: C:\Python27\Lib\site-packages\numpy\doc\byteswapping.pyc
200 File Copy: C:\Python27\Lib\site-packages\numpy\doc\methods_vs_functions.pyc
200 File Copy: C:\Python27\Lib\site-packages\numpy\doc\internals.pyc
200 File Copy: C:\Python27\Lib\site-packages\numpy\doc\creation.pyc
200 File Copy: C:\Python27\Lib\site-packages\numpy\doc\constants.pyc
200 File Copy: C:\Python27\Lib\site-packages\numpy\doc\subclassing.pyc
200 File Copy: C:\Python27\Lib\site-packages\numpy\doc\glossary.pyc
200 File Copy: C:\Python27\Lib\site-packages\numpy\doc\basics.pyc
200 File Copy: C:\Python27\Lib\site-packages\numpy\doc\indexing.pyc
200 File Copy: C:\Python27\Lib\site-packages\numpy\version.pyc
200 File Copy: C:\Python27\Lib\site-packages\numpy\__config__.pyc
200 File Copy: C:\Python27\Lib\site-packages\numpy\__init__.pyc
200 File Copy: C:\Python27\Lib\site-packages\numpy\setup.pyc
200 File Copy: C:\Python27\Lib\site-packages\numpy\dual.pyc
200 File Copy: C:\Python27\Lib\site-packages\numpy\ctypeslib.pyc
200 File Copy: C:\Python27\Lib\site-packages\numpy\matlib.pyc
200 File Copy: C:\Python27\Lib\site-packages\numpy\_import_tools.pyc
200 File Copy: C:\Python27\Lib\site-packages\numpy\add_newdocs.pyc
200 File Copy: C:\Python27\Scripts\f2py.pyo
200 File Copy: C:\Python27\Lib\site-packages\numpy\compat\py3k.pyo
200 File Copy: C:\Python27\Lib\site-packages\numpy\compat\__init__.pyo
200 File Copy: C:\Python27\Lib\site-packages\numpy\compat\setup.pyo
200 File Copy: C:\Python27\Lib\site-packages\numpy\compat\_inspect.pyo
200 File Copy: C:\Python27\Lib\site-packages\numpy\polynomial\tests\test_classes.pyo
200 File Copy: C:\Python27\Lib\site-packages\numpy\polynomial\tests\test_laguerre.pyo
200 File Copy: C:\Python27\Lib\site-packages\numpy\polynomial\tests\test_legendre.pyo
200 File Copy: C:\Python27\Lib\site-packages\numpy\polynomial\tests\test_polyutils.pyo
200 File Copy: C:\Python27\Lib\site-packages\numpy\polynomial\tests\test_hermite_e.pyo
200 File Copy: C:\Python27\Lib\site-packages\numpy\polynomial\tests\test_hermite.pyo
200 File Copy: C:\Python27\Lib\site-packages\numpy\polynomial\tests\test_chebyshev.pyo
200 File Copy: C:\Python27\Lib\site-packages\numpy\polynomial\tests\test_polynomial.pyo
200 File Copy: C:\Python27\Lib\site-packages\numpy\polynomial\tests\test_printing.pyo
200 File Copy: C:\Python27\Lib\site-packages\numpy\polynomial\_polybase.pyo
200 File Copy: C:\Python27\Lib\site-packages\numpy\polynomial\polynomial.pyo
200 File Copy: C:\Python27\Lib\site-packages\numpy\polynomial\hermite.pyo
200 File Copy: C:\Python27\Lib\site-packages\numpy\polynomial\__init__.pyo
200 File Copy: C:\Python27\Lib\site-packages\numpy\polynomial\polytemplate.pyo
200 File Copy: C:\Python27\Lib\site-packages\numpy\polynomial\setup.pyo
200 File Copy: C:\Python27\Lib\site-packages\numpy\polynomial\chebyshev.pyo
200 File Copy: C:\Python27\Lib\site-packages\numpy\polynomial\legendre.pyo
200 File Copy: C:\Python27\Lib\site-packages\numpy\polynomial\hermite_e.pyo
200 File Copy: C:\Python27\Lib\site-packages\numpy\polynomial\polyutils.pyo
200 File Copy: C:\Python27\Lib\site-packages\numpy\polynomial\laguerre.pyo
200 File Copy: C:\Python27\Lib\site-packages\numpy\matrixlib\tests\test_multiarray.pyo
200 File Copy: C:\Python27\Lib\site-packages\numpy\matrixlib\tests\test_regression.pyo
200 File Copy: C:\Python27\Lib\site-packages\numpy\matrixlib\tests\test_defmatrix.pyo
200 File Copy: C:\Python27\Lib\site-packages\numpy\matrixlib\tests\test_numeric.pyo
200 File Copy: C:\Python27\Lib\site-packages\numpy\matrixlib\defmatrix.pyo
200 File Copy: C:\Python27\Lib\site-packages\numpy\matrixlib\__init__.pyo
200 File Copy: C:\Python27\Lib\site-packages\numpy\matrixlib\setup.pyo
200 File Copy: C:\Python27\Lib\site-packages\numpy\core\tests\test_einsum.pyo
200 File Copy: C:\Python27\Lib\site-packages\numpy\core\tests\test_datetime.pyo
200 File Copy: C:\Python27\Lib\site-packages\numpy\core\tests\test_ufunc.pyo
200 File Copy: C:\Python27\Lib\site-packages\numpy\core\tests\test_records.pyo
200 File Copy: C:\Python27\Lib\site-packages\numpy\core\tests\test_deprecations.pyo
200 File Copy: C:\Python27\Lib\site-packages\numpy\core\tests\test_half.pyo
200 File Copy: C:\Python27\Lib\site-packages\numpy\core\tests\test_indexerrors.pyo
200 File Copy: C:\Python27\Lib\site-packages\numpy\core\tests\test_scalarinherit.pyo
200 File Copy: C:\Python27\Lib\site-packages\numpy\core\tests\test_machar.pyo
200 File Copy: C:\Python27\Lib\site-packages\numpy\core\tests\test_item_selection.pyo
200 File Copy: C:\Python27\Lib\site-packages\numpy\core\tests\test_arrayprint.pyo
200 File Copy: C:\Python27\Lib\site-packages\numpy\core\tests\test_shape_base.pyo
200 File Copy: C:\Python27\Lib\site-packages\numpy\core\tests\test_nditer.pyo
200 File Copy: C:\Python27\Lib\site-packages\numpy\core\tests\test_scalarmath.pyo
200 File Copy: C:\Python27\Lib\site-packages\numpy\core\tests\test_defchararray.pyo
200 File Copy: C:\Python27\Lib\site-packages\numpy\core\tests\test_memmap.pyo
200 File Copy: C:\Python27\Lib\site-packages\numpy\core\tests\test_regression.pyo
200 File Copy: C:\Python27\Lib\site-packages\numpy\core\tests\test_umath_complex.pyo
200 File Copy: C:\Python27\Lib\site-packages\numpy\core\tests\test_function_base.pyo
200 File Copy: C:\Python27\Lib\site-packages\numpy\core\tests\test_abc.pyo
200 File Copy: C:\Python27\Lib\site-packages\numpy\core\tests\test_print.pyo
200 File Copy: C:\Python27\Lib\site-packages\numpy\core\tests\test_unicode.pyo
200 File Copy: C:\Python27\Lib\site-packages\numpy\core\tests\test_umath.pyo
200 File Copy: C:\Python27\Lib\site-packages\numpy\core\tests\test_numeric.pyo
200 File Copy: C:\Python27\Lib\site-packages\numpy\core\tests\test_multiarray.pyo
200 File Copy: C:\Python27\Lib\site-packages\numpy\core\tests\test_scalarprint.pyo
200 File Copy: C:\Python27\Lib\site-packages\numpy\core\tests\test_indexing.pyo
200 File Copy: C:\Python27\Lib\site-packages\numpy\core\tests\test_blasdot.pyo
200 File Copy: C:\Python27\Lib\site-packages\numpy\core\tests\test_dtype.pyo
200 File Copy: C:\Python27\Lib\site-packages\numpy\core\tests\test_getlimits.pyo
200 File Copy: C:\Python27\Lib\site-packages\numpy\core\tests\test_errstate.pyo
200 File Copy: C:\Python27\Lib\site-packages\numpy\core\tests\test_numerictypes.pyo
200 File Copy: C:\Python27\Lib\site-packages\numpy\core\tests\test_api.pyo
200 File Copy: C:\Python27\Lib\site-packages\numpy\core\tests\test_multiarray_assignment.pyo
200 File Copy: C:\Python27\Lib\site-packages\numpy\core\shape_base.pyo
200 File Copy: C:\Python27\Lib\site-packages\numpy\core\numerictypes.pyo
200 File Copy: C:\Python27\Lib\site-packages\numpy\core\_internal.pyo
200 File Copy: C:\Python27\Lib\site-packages\numpy\core\setup_common.pyo
200 File Copy: C:\Python27\Lib\site-packages\numpy\core\numeric.pyo
200 File Copy: C:\Python27\Lib\site-packages\numpy\core\__init__.pyo
200 File Copy: C:\Python27\Lib\site-packages\numpy\core\records.pyo
200 File Copy: C:\Python27\Lib\site-packages\numpy\core\memmap.pyo
200 File Copy: C:\Python27\Lib\site-packages\numpy\core\setup.pyo
200 File Copy: C:\Python27\Lib\site-packages\numpy\core\info.pyo
200 File Copy: C:\Python27\Lib\site-packages\numpy\core\machar.pyo
200 File Copy: C:\Python27\Lib\site-packages\numpy\core\defchararray.pyo
200 File Copy: C:\Python27\Lib\site-packages\numpy\core\fromnumeric.pyo
200 File Copy: C:\Python27\Lib\site-packages\numpy\core\cversions.pyo
200 File Copy: C:\Python27\Lib\site-packages\numpy\core\generate_numpy_api.pyo
200 File Copy: C:\Python27\Lib\site-packages\numpy\core\_methods.pyo
200 File Copy: C:\Python27\Lib\site-packages\numpy\core\arrayprint.pyo
200 File Copy: C:\Python27\Lib\site-packages\numpy\core\getlimits.pyo
200 File Copy: C:\Python27\Lib\site-packages\numpy\core\function_base.pyo
200 File Copy: C:\Python27\Lib\site-packages\numpy\lib\tests\test_utils.pyo
200 File Copy: C:\Python27\Lib\site-packages\numpy\lib\tests\test_io.pyo
200 File Copy: C:\Python27\Lib\site-packages\numpy\lib\tests\test_nanfunctions.pyo
200 File Copy: C:\Python27\Lib\site-packages\numpy\lib\tests\test__datasource.pyo
200 File Copy: C:\Python27\Lib\site-packages\numpy\lib\tests\test_stride_tricks.pyo
200 File Copy: C:\Python27\Lib\site-packages\numpy\lib\tests\test_arraysetops.pyo
200 File Copy: C:\Python27\Lib\site-packages\numpy\lib\tests\test_shape_base.pyo
200 File Copy: C:\Python27\Lib\site-packages\numpy\lib\tests\test_index_tricks.pyo
200 File Copy: C:\Python27\Lib\site-packages\numpy\lib\tests\test_type_check.pyo
200 File Copy: C:\Python27\Lib\site-packages\numpy\lib\tests\test_regression.pyo
200 File Copy: C:\Python27\Lib\site-packages\numpy\lib\tests\test_function_base.pyo
200 File Copy: C:\Python27\Lib\site-packages\numpy\lib\tests\test__version.pyo
200 File Copy: C:\Python27\Lib\site-packages\numpy\lib\tests\test_financial.pyo
200 File Copy: C:\Python27\Lib\site-packages\numpy\lib\tests\test_recfunctions.pyo
200 File Copy: C:\Python27\Lib\site-packages\numpy\lib\tests\test_polynomial.pyo
200 File Copy: C:\Python27\Lib\site-packages\numpy\lib\tests\test__iotools.pyo
200 File Copy: C:\Python27\Lib\site-packages\numpy\lib\tests\test_ufunclike.pyo
200 File Copy: C:\Python27\Lib\site-packages\numpy\lib\tests\test_format.pyo
200 File Copy: C:\Python27\Lib\site-packages\numpy\lib\tests\test_arrayterator.pyo
200 File Copy: C:\Python27\Lib\site-packages\numpy\lib\tests\test_twodim_base.pyo
200 File Copy: C:\Python27\Lib\site-packages\numpy\lib\tests\test_arraypad.pyo
200 File Copy: C:\Python27\Lib\site-packages\numpy\lib\shape_base.pyo
200 File Copy: C:\Python27\Lib\site-packages\numpy\lib\stride_tricks.pyo
200 File Copy: C:\Python27\Lib\site-packages\numpy\lib\npyio.pyo
200 File Copy: C:\Python27\Lib\site-packages\numpy\lib\_datasource.pyo
200 File Copy: C:\Python27\Lib\site-packages\numpy\lib\nanfunctions.pyo
200 File Copy: C:\Python27\Lib\site-packages\numpy\lib\arraypad.pyo
200 File Copy: C:\Python27\Lib\site-packages\numpy\lib\__init__.pyo
200 File Copy: C:\Python27\Lib\site-packages\numpy\lib\ufunclike.pyo
200 File Copy: C:\Python27\Lib\site-packages\numpy\lib\user_array.pyo
200 File Copy: C:\Python27\Lib\site-packages\numpy\lib\setup.pyo
200 File Copy: C:\Python27\Lib\site-packages\numpy\lib\index_tricks.pyo
200 File Copy: C:\Python27\Lib\site-packages\numpy\lib\_version.pyo
200 File Copy: C:\Python27\Lib\site-packages\numpy\lib\info.pyo
200 File Copy: C:\Python27\Lib\site-packages\numpy\lib\utils.pyo
200 File Copy: C:\Python27\Lib\site-packages\numpy\lib\_iotools.pyo
200 File Copy: C:\Python27\Lib\site-packages\numpy\lib\type_check.pyo
200 File Copy: C:\Python27\Lib\site-packages\numpy\lib\recfunctions.pyo
200 File Copy: C:\Python27\Lib\site-packages\numpy\lib\arraysetops.pyo
200 File Copy: C:\Python27\Lib\site-packages\numpy\lib\scimath.pyo
200 File Copy: C:\Python27\Lib\site-packages\numpy\lib\twodim_base.pyo
200 File Copy: C:\Python27\Lib\site-packages\numpy\lib\arrayterator.pyo
200 File Copy: C:\Python27\Lib\site-packages\numpy\lib\polynomial.pyo
200 File Copy: C:\Python27\Lib\site-packages\numpy\lib\function_base.pyo
200 File Copy: C:\Python27\Lib\site-packages\numpy\lib\format.pyo
200 File Copy: C:\Python27\Lib\site-packages\numpy\lib\financial.pyo
200 File Copy: C:\Python27\Lib\site-packages\numpy\fft\tests\test_helper.pyo
200 File Copy: C:\Python27\Lib\site-packages\numpy\fft\tests\test_fftpack.pyo
200 File Copy: C:\Python27\Lib\site-packages\numpy\fft\fftpack.pyo
200 File Copy: C:\Python27\Lib\site-packages\numpy\fft\__init__.pyo
200 File Copy: C:\Python27\Lib\site-packages\numpy\fft\setup.pyo
200 File Copy: C:\Python27\Lib\site-packages\numpy\fft\info.pyo
200 File Copy: C:\Python27\Lib\site-packages\numpy\fft\helper.pyo
200 File Copy: C:\Python27\Lib\site-packages\numpy\tests\test_ctypeslib.pyo
200 File Copy: C:\Python27\Lib\site-packages\numpy\tests\test_matlib.pyo
200 File Copy: C:\Python27\Lib\site-packages\numpy\linalg\tests\test_linalg.pyo
200 File Copy: C:\Python27\Lib\site-packages\numpy\linalg\tests\test_deprecations.pyo
200 File Copy: C:\Python27\Lib\site-packages\numpy\linalg\tests\test_regression.pyo
200 File Copy: C:\Python27\Lib\site-packages\numpy\linalg\tests\test_build.pyo
200 File Copy: C:\Python27\Lib\site-packages\numpy\linalg\info.pyo
200 File Copy: C:\Python27\Lib\site-packages\numpy\linalg\linalg.pyo
200 File Copy: C:\Python27\Lib\site-packages\numpy\linalg\__init__.pyo
200 File Copy: C:\Python27\Lib\site-packages\numpy\linalg\setup.pyo
200 File Copy: C:\Python27\Lib\site-packages\numpy\random\tests\test_regression.pyo
200 File Copy: C:\Python27\Lib\site-packages\numpy\random\tests\test_random.pyo
200 File Copy: C:\Python27\Lib\site-packages\numpy\random\__init__.pyo
200 File Copy: C:\Python27\Lib\site-packages\numpy\random\setup.pyo
200 File Copy: C:\Python27\Lib\site-packages\numpy\random\info.pyo
200 File Copy: C:\Python27\Lib\site-packages\numpy\ma\tests\test_mrecords.pyo
200 File Copy: C:\Python27\Lib\site-packages\numpy\ma\tests\test_subclassing.pyo
200 File Copy: C:\Python27\Lib\site-packages\numpy\ma\tests\test_old_ma.pyo
200 File Copy: C:\Python27\Lib\site-packages\numpy\ma\tests\test_extras.pyo
200 File Copy: C:\Python27\Lib\site-packages\numpy\ma\tests\test_regression.pyo
200 File Copy: C:\Python27\Lib\site-packages\numpy\ma\tests\test_core.pyo
200 File Copy: C:\Python27\Lib\site-packages\numpy\ma\version.pyo
200 File Copy: C:\Python27\Lib\site-packages\numpy\ma\timer_comparison.pyo
200 File Copy: C:\Python27\Lib\site-packages\numpy\ma\mrecords.pyo
200 File Copy: C:\Python27\Lib\site-packages\numpy\ma\core.pyo
200 File Copy: C:\Python27\Lib\site-packages\numpy\ma\__init__.pyo
200 File Copy: C:\Python27\Lib\site-packages\numpy\ma\testutils.pyo
200 File Copy: C:\Python27\Lib\site-packages\numpy\ma\bench.pyo
200 File Copy: C:\Python27\Lib\site-packages\numpy\ma\setup.pyo
200 File Copy: C:\Python27\Lib\site-packages\numpy\ma\extras.pyo
200 File Copy: C:\Python27\Lib\site-packages\numpy\f2py\tests\test_size.pyo
200 File Copy: C:\Python27\Lib\site-packages\numpy\f2py\tests\test_kind.pyo
200 File Copy: C:\Python27\Lib\site-packages\numpy\f2py\tests\test_return_logical.pyo
200 File Copy: C:\Python27\Lib\site-packages\numpy\f2py\tests\test_mixed.pyo
200 File Copy: C:\Python27\Lib\site-packages\numpy\f2py\tests\test_return_complex.pyo
200 File Copy: C:\Python27\Lib\site-packages\numpy\f2py\tests\test_return_real.pyo
200 File Copy: C:\Python27\Lib\site-packages\numpy\f2py\tests\test_array_from_pyobj.pyo
200 File Copy: C:\Python27\Lib\site-packages\numpy\f2py\tests\test_callback.pyo
200 File Copy: C:\Python27\Lib\site-packages\numpy\f2py\tests\test_regression.pyo
200 File Copy: C:\Python27\Lib\site-packages\numpy\f2py\tests\test_return_character.pyo
200 File Copy: C:\Python27\Lib\site-packages\numpy\f2py\tests\test_assumed_shape.pyo
200 File Copy: C:\Python27\Lib\site-packages\numpy\f2py\tests\util.pyo
200 File Copy: C:\Python27\Lib\site-packages\numpy\f2py\tests\test_return_integer.pyo
200 File Copy: C:\Python27\Lib\site-packages\numpy\f2py\use_rules.pyo
200 File Copy: C:\Python27\Lib\site-packages\numpy\f2py\rules.pyo
200 File Copy: C:\Python27\Lib\site-packages\numpy\f2py\diagnose.pyo
200 File Copy: C:\Python27\Lib\site-packages\numpy\f2py\cfuncs.pyo
200 File Copy: C:\Python27\Lib\site-packages\numpy\f2py\crackfortran.pyo
200 File Copy: C:\Python27\Lib\site-packages\numpy\f2py\f2py2e.pyo
200 File Copy: C:\Python27\Lib\site-packages\numpy\f2py\f90mod_rules.pyo
200 File Copy: C:\Python27\Lib\site-packages\numpy\f2py\__init__.pyo
200 File Copy: C:\Python27\Lib\site-packages\numpy\f2py\capi_maps.pyo
200 File Copy: C:\Python27\Lib\site-packages\numpy\f2py\setup.pyo
200 File Copy: C:\Python27\Lib\site-packages\numpy\f2py\cb_rules.pyo
200 File Copy: C:\Python27\Lib\site-packages\numpy\f2py\info.pyo
200 File Copy: C:\Python27\Lib\site-packages\numpy\f2py\__version__.pyo
200 File Copy: C:\Python27\Lib\site-packages\numpy\f2py\func2subr.pyo
200 File Copy: C:\Python27\Lib\site-packages\numpy\f2py\f2py_testing.pyo
200 File Copy: C:\Python27\Lib\site-packages\numpy\f2py\auxfuncs.pyo
200 File Copy: C:\Python27\Lib\site-packages\numpy\f2py\common_rules.pyo
200 File Copy: C:\Python27\Lib\site-packages\numpy\distutils\tests\f2py_f90_ext\tests\test_foo.pyo
200 File Copy: C:\Python27\Lib\site-packages\numpy\distutils\tests\f2py_f90_ext\__init__.pyo
200 File Copy: C:\Python27\Lib\site-packages\numpy\distutils\tests\f2py_f90_ext\setup.pyo
200 File Copy: C:\Python27\Lib\site-packages\numpy\distutils\tests\f2py_ext\tests\test_fib2.pyo
200 File Copy: C:\Python27\Lib\site-packages\numpy\distutils\tests\f2py_ext\__init__.pyo
200 File Copy: C:\Python27\Lib\site-packages\numpy\distutils\tests\f2py_ext\setup.pyo
200 File Copy: C:\Python27\Lib\site-packages\numpy\distutils\tests\gen_ext\tests\test_fib3.pyo
200 File Copy: C:\Python27\Lib\site-packages\numpy\distutils\tests\gen_ext\setup.pyo
200 File Copy: C:\Python27\Lib\site-packages\numpy\distutils\tests\gen_ext\__init__.pyo
200 File Copy: C:\Python27\Lib\site-packages\numpy\distutils\tests\pyrex_ext\tests\test_primes.pyo
200 File Copy: C:\Python27\Lib\site-packages\numpy\distutils\tests\pyrex_ext\__init__.pyo
200 File Copy: C:\Python27\Lib\site-packages\numpy\distutils\tests\pyrex_ext\setup.pyo
200 File Copy: C:\Python27\Lib\site-packages\numpy\distutils\tests\swig_ext\tests\test_example.pyo
200 File Copy: C:\Python27\Lib\site-packages\numpy\distutils\tests\swig_ext\tests\test_example2.pyo
200 File Copy: C:\Python27\Lib\site-packages\numpy\distutils\tests\swig_ext\__init__.pyo
200 File Copy: C:\Python27\Lib\site-packages\numpy\distutils\tests\swig_ext\setup.pyo
200 File Copy: C:\Python27\Lib\site-packages\numpy\distutils\tests\test_npy_pkg_config.pyo
200 File Copy: C:\Python27\Lib\site-packages\numpy\distutils\tests\test_fcompiler_gnu.pyo
200 File Copy: C:\Python27\Lib\site-packages\numpy\distutils\tests\setup.pyo
200 File Copy: C:\Python27\Lib\site-packages\numpy\distutils\tests\test_exec_command.pyo
200 File Copy: C:\Python27\Lib\site-packages\numpy\distutils\tests\test_fcompiler_intel.pyo
200 File Copy: C:\Python27\Lib\site-packages\numpy\distutils\tests\test_misc_util.pyo
200 File Copy: C:\Python27\Lib\site-packages\numpy\distutils\command\develop.pyo
200 File Copy: C:\Python27\Lib\site-packages\numpy\distutils\command\build_ext.pyo
200 File Copy: C:\Python27\Lib\site-packages\numpy\distutils\command\install_data.pyo
200 File Copy: C:\Python27\Lib\site-packages\numpy\distutils\command\build_src.pyo
200 File Copy: C:\Python27\Lib\site-packages\numpy\distutils\command\bdist_rpm.pyo
200 File Copy: C:\Python27\Lib\site-packages\numpy\distutils\command\config_compiler.pyo
200 File Copy: C:\Python27\Lib\site-packages\numpy\distutils\command\sdist.pyo
200 File Copy: C:\Python27\Lib\site-packages\numpy\distutils\command\autodist.pyo
200 File Copy: C:\Python27\Lib\site-packages\numpy\distutils\command\build_scripts.pyo
200 File Copy: C:\Python27\Lib\site-packages\numpy\distutils\command\__init__.pyo
200 File Copy: C:\Python27\Lib\site-packages\numpy\distutils\command\build.pyo
200 File Copy: C:\Python27\Lib\site-packages\numpy\distutils\command\build_py.pyo
200 File Copy: C:\Python27\Lib\site-packages\numpy\distutils\command\install_clib.pyo
200 File Copy: C:\Python27\Lib\site-packages\numpy\distutils\command\install_headers.pyo
200 File Copy: C:\Python27\Lib\site-packages\numpy\distutils\command\install.pyo
200 File Copy: C:\Python27\Lib\site-packages\numpy\distutils\command\build_clib.pyo
200 File Copy: C:\Python27\Lib\site-packages\numpy\distutils\command\config.pyo
200 File Copy: C:\Python27\Lib\site-packages\numpy\distutils\command\egg_info.pyo
200 File Copy: C:\Python27\Lib\site-packages\numpy\distutils\fcompiler\ibm.pyo
200 File Copy: C:\Python27\Lib\site-packages\numpy\distutils\fcompiler\lahey.pyo
200 File Copy: C:\Python27\Lib\site-packages\numpy\distutils\fcompiler\pathf95.pyo
200 File Copy: C:\Python27\Lib\site-packages\numpy\distutils\fcompiler\g95.pyo
200 File Copy: C:\Python27\Lib\site-packages\numpy\distutils\fcompiler\nag.pyo
200 File Copy: C:\Python27\Lib\site-packages\numpy\distutils\fcompiler\__init__.pyo
200 File Copy: C:\Python27\Lib\site-packages\numpy\distutils\fcompiler\mips.pyo
200 File Copy: C:\Python27\Lib\site-packages\numpy\distutils\fcompiler\hpux.pyo
200 File Copy: C:\Python27\Lib\site-packages\numpy\distutils\fcompiler\sun.pyo
200 File Copy: C:\Python27\Lib\site-packages\numpy\distutils\fcompiler\absoft.pyo
200 File Copy: C:\Python27\Lib\site-packages\numpy\distutils\fcompiler\none.pyo
200 File Copy: C:\Python27\Lib\site-packages\numpy\distutils\fcompiler\pg.pyo
200 File Copy: C:\Python27\Lib\site-packages\numpy\distutils\fcompiler\vast.pyo
200 File Copy: C:\Python27\Lib\site-packages\numpy\distutils\fcompiler\gnu.pyo
200 File Copy: C:\Python27\Lib\site-packages\numpy\distutils\fcompiler\intel.pyo
200 File Copy: C:\Python27\Lib\site-packages\numpy\distutils\fcompiler\compaq.pyo
200 File Copy: C:\Python27\Lib\site-packages\numpy\distutils\system_info.pyo
200 File Copy: C:\Python27\Lib\site-packages\numpy\distutils\core.pyo
200 File Copy: C:\Python27\Lib\site-packages\numpy\distutils\lib2def.pyo
200 File Copy: C:\Python27\Lib\site-packages\numpy\distutils\__config__.pyo
200 File Copy: C:\Python27\Lib\site-packages\numpy\distutils\__init__.pyo
200 File Copy: C:\Python27\Lib\site-packages\numpy\distutils\line_endings.pyo
200 File Copy: C:\Python27\Lib\site-packages\numpy\distutils\environment.pyo
200 File Copy: C:\Python27\Lib\site-packages\numpy\distutils\cpuinfo.pyo
200 File Copy: C:\Python27\Lib\site-packages\numpy\distutils\mingw32ccompiler.pyo
200 File Copy: C:\Python27\Lib\site-packages\numpy\distutils\ccompiler.pyo
200 File Copy: C:\Python27\Lib\site-packages\numpy\distutils\setup.pyo
200 File Copy: C:\Python27\Lib\site-packages\numpy\distutils\intelccompiler.pyo
200 File Copy: C:\Python27\Lib\site-packages\numpy\distutils\pathccompiler.pyo
200 File Copy: C:\Python27\Lib\site-packages\numpy\distutils\info.pyo
200 File Copy: C:\Python27\Lib\site-packages\numpy\distutils\exec_command.pyo
200 File Copy: C:\Python27\Lib\site-packages\numpy\distutils\__version__.pyo
200 File Copy: C:\Python27\Lib\site-packages\numpy\distutils\unixccompiler.pyo
200 File Copy: C:\Python27\Lib\site-packages\numpy\distutils\log.pyo
200 File Copy: C:\Python27\Lib\site-packages\numpy\distutils\npy_pkg_config.pyo
200 File Copy: C:\Python27\Lib\site-packages\numpy\distutils\numpy_distribution.pyo
200 File Copy: C:\Python27\Lib\site-packages\numpy\distutils\compat.pyo
200 File Copy: C:\Python27\Lib\site-packages\numpy\distutils\from_template.pyo
200 File Copy: C:\Python27\Lib\site-packages\numpy\distutils\conv_template.pyo
200 File Copy: C:\Python27\Lib\site-packages\numpy\distutils\extension.pyo
200 File Copy: C:\Python27\Lib\site-packages\numpy\distutils\misc_util.pyo
200 File Copy: C:\Python27\Lib\site-packages\numpy\testing\tests\test_utils.pyo
200 File Copy: C:\Python27\Lib\site-packages\numpy\testing\tests\test_doctesting.pyo
200 File Copy: C:\Python27\Lib\site-packages\numpy\testing\tests\test_decorators.pyo
200 File Copy: C:\Python27\Lib\site-packages\numpy\testing\decorators.pyo
200 File Copy: C:\Python27\Lib\site-packages\numpy\testing\nosetester.pyo
200 File Copy: C:\Python27\Lib\site-packages\numpy\testing\noseclasses.pyo
200 File Copy: C:\Python27\Lib\site-packages\numpy\testing\__init__.pyo
200 File Copy: C:\Python27\Lib\site-packages\numpy\testing\setup.pyo
200 File Copy: C:\Python27\Lib\site-packages\numpy\testing\utils.pyo
200 File Copy: C:\Python27\Lib\site-packages\numpy\testing\print_coercion_tables.pyo
200 File Copy: C:\Python27\Lib\site-packages\numpy\doc\howtofind.pyo
200 File Copy: C:\Python27\Lib\site-packages\numpy\doc\broadcasting.pyo
200 File Copy: C:\Python27\Lib\site-packages\numpy\doc\performance.pyo
200 File Copy: C:\Python27\Lib\site-packages\numpy\doc\misc.pyo
200 File Copy: C:\Python27\Lib\site-packages\numpy\doc\io.pyo
200 File Copy: C:\Python27\Lib\site-packages\numpy\doc\__init__.pyo
200 File Copy: C:\Python27\Lib\site-packages\numpy\doc\jargon.pyo
200 File Copy: C:\Python27\Lib\site-packages\numpy\doc\ufuncs.pyo
200 File Copy: C:\Python27\Lib\site-packages\numpy\doc\structured_arrays.pyo
200 File Copy: C:\Python27\Lib\site-packages\numpy\doc\byteswapping.pyo
200 File Copy: C:\Python27\Lib\site-packages\numpy\doc\methods_vs_functions.pyo
200 File Copy: C:\Python27\Lib\site-packages\numpy\doc\internals.pyo
200 File Copy: C:\Python27\Lib\site-packages\numpy\doc\creation.pyo
200 File Copy: C:\Python27\Lib\site-packages\numpy\doc\constants.pyo
200 File Copy: C:\Python27\Lib\site-packages\numpy\doc\subclassing.pyo
200 File Copy: C:\Python27\Lib\site-packages\numpy\doc\glossary.pyo
200 File Copy: C:\Python27\Lib\site-packages\numpy\doc\basics.pyo
200 File Copy: C:\Python27\Lib\site-packages\numpy\doc\indexing.pyo
200 File Copy: C:\Python27\Lib\site-packages\numpy\version.pyo
200 File Copy: C:\Python27\Lib\site-packages\numpy\__config__.pyo
200 File Copy: C:\Python27\Lib\site-packages\numpy\__init__.pyo
200 File Copy: C:\Python27\Lib\site-packages\numpy\setup.pyo
200 File Copy: C:\Python27\Lib\site-packages\numpy\dual.pyo
200 File Copy: C:\Python27\Lib\site-packages\numpy\ctypeslib.pyo
200 File Copy: C:\Python27\Lib\site-packages\numpy\matlib.pyo
200 File Copy: C:\Python27\Lib\site-packages\numpy\_import_tools.pyo
200 File Copy: C:\Python27\Lib\site-packages\numpy\add_newdocs.pyo
